#
# A fatal error has been detected by the Java Runtime Environment:
#
#  EXCEPTION_ACCESS_VIOLATION (0xc0000005) at pc=0x00007ffe0f1dce45, pid=11808, tid=2976
#
# JRE version: OpenJDK Runtime Environment (20.0.2+9) (build 20.0.2+9-78)
# Java VM: OpenJDK 64-Bit Server VM (20.0.2+9-78, mixed mode, sharing, tiered, compressed oops, compressed class ptrs, g1 gc, windows-amd64)
# Problematic frame:
# V  [jvm.dll+0x31ce45]
#
# No core dump will be written. Minidumps are not enabled by default on client versions of Windows
#
# If you would like to submit a bug report, please visit:
#   https://bugreport.java.com/bugreport/crash.jsp
#

---------------  S U M M A R Y ------------

Command Line: -javaagent:C:\Program Files\JetBrains\IntelliJ IDEA Community Edition 2023.2.1\lib\idea_rt.jar=58784:C:\Program Files\JetBrains\IntelliJ IDEA Community Edition 2023.2.1\bin -Dfile.encoding=UTF-8 -Dsun.stdout.encoding=UTF-8 -Dsun.stderr.encoding=UTF-8 com.fleetmanagement.fleetmanagementapi.FleetManagementApiApplication

Host: Intel(R) Core(TM) i7-3770 CPU @ 3.40GHz, 8 cores, 3G,  Windows 10 , 64 bit Build 17763 (10.0.17763.4974)
Time: Fri Oct 27 14:42:38 2023 Hora est. Pacífico, Sudamérica elapsed time: 12.033191 seconds (0d 0h 0m 12s)

---------------  T H R E A D  ---------------

Current thread (0x000001b1cc3747f0):  WorkerThread "G1 Conc#0" [stack: 0x00000030bfd00000,0x00000030bfe00000] [id=2976]

Stack: [0x00000030bfd00000,0x00000030bfe00000],  sp=0x00000030bfdff350,  free space=1020k
Native frames: (J=compiled Java code, j=interpreted, Vv=VM code, C=native code)
V  [jvm.dll+0x31ce45]
V  [jvm.dll+0x31ccdf]
V  [jvm.dll+0x31a60d]
V  [jvm.dll+0x31a252]
V  [jvm.dll+0x338a80]
V  [jvm.dll+0x335011]
V  [jvm.dll+0x336c9c]
V  [jvm.dll+0x3358e9]
V  [jvm.dll+0x3395b6]
V  [jvm.dll+0x876b17]
V  [jvm.dll+0x7f5c76]
V  [jvm.dll+0x6baecb]
C  [ucrtbase.dll+0x2268a]
C  [KERNEL32.DLL+0x17ac4]
C  [ntdll.dll+0x5a4e1]


siginfo: EXCEPTION_ACCESS_VIOLATION (0xc0000005), reading address 0x000001b9cc34d610


Registers:
RAX=0x000001b1cc353680, RBX=0x000001b1cc3863e0, RCX=0x0000000000000014, RDX=0x0000000000000001
RSP=0x00000030bfdff350, RBP=0x0000000000000001, RSI=0x000001b1cc36b4f0, RDI=0x0000000000020000
R8 =0x0000000000020000, R9 =0x00000000fffff3f2, R10=0x000001b1cc3400a0, R11=0x0000000000000007
R12=0x0000000000000000, R13=0xaaaaaaaaaaaaaaab, R14=0x000001b1801837a0, R15=0x00000000c42f42e8
RIP=0x00007ffe0f1dce45, EFLAGS=0x0000000000010a02


Register to memory mapping:

RIP=0x00007ffe0f1dce45 jvm.dll
RAX=0x000001b1cc353680 points into unknown readable memory: 0x000001b1cc3a2f40 | 40 2f 3a cc b1 01 00 00
RBX=0x000001b1cc3863e0 points into unknown readable memory: 0x00007ffe0f840de8 | e8 0d 84 0f fe 7f 00 00
RCX=0x0000000000000014 is an unknown value
RDX=0x0000000000000001 is an unknown value
RSP=0x00000030bfdff350 points into unknown readable memory: 0x0000000000000000 | 00 00 00 00 00 00 00 00
RBP=0x0000000000000001 is an unknown value
RSI=0x000001b1cc36b4f0 points into unknown readable memory: 0x000001b1cc373c20 | 20 3c 37 cc b1 01 00 00
RDI=0x0000000000020000 is an unknown value
R8 =0x0000000000020000 is an unknown value
R9 =0x00000000fffff3f2 is pointing into object: Ljdk.internal.vm.FillerArray; 
{0x00000000fffff2c8} - klass: {type array int}
 - length: 144
R10=0x000001b1cc3400a0 points into unknown readable memory: 0x00007ffe0f83f3d8 | d8 f3 83 0f fe 7f 00 00
R11=0x0000000000000007 is an unknown value
R12=0x0 is NULL
R13=0xaaaaaaaaaaaaaaab is an unknown value
R14={method} {0x000001b1801837a8} 'equals' '(Ljava/lang/Object;)Z' in 'java/util/concurrent/ConcurrentHashMap$Node'
R15=0x00000000c42f42e8 is an oop: java.util.concurrent.ConcurrentHashMap$Node 
{0x00000000c42f42e8} - klass: 'java/util/concurrent/ConcurrentHashMap$Node'
 - ---- fields (total size 4 words):
 - final 'hash' 'I' @12  228452026 (0x0d9de6ba)
 - final 'key' 'Ljava/lang/Object;' @16  "org/hibernate/sql/ast/tree/insert/Values.class"{0x00000000c3ad00e0} (0xc3ad00e0)
 - volatile 'val' 'Ljava/lang/Object;' @20  a 'io/github/classgraph/ClasspathElementZip$1'{0x00000000c42f4308} (0xc42f4308)
 - volatile 'next' 'Ljava/util/concurrent/ConcurrentHashMap$Node;' @24  
[error occurred during error reporting (printing register info), id 0xc0000005, EXCEPTION_ACCESS_VIOLATION (0xc0000005) at pc=0x00007ffe0f56829d]
Top of Stack: (sp=0x00000030bfdff350)
0x00000030bfdff350:   0000000000000000 00000000002625a0
0x00000030bfdff360:   0000f653bbaff3e7 00000030bfdff520
0x00000030bfdff370:   0000000000020000 00007ffe0f1dccdf
0x00000030bfdff380:   000001b1cc3863e0 00000030bfdff520
0x00000030bfdff390:   000001b180183798 00007ffe0f5756cc
0x00000030bfdff3a0:   00000000c42f4304 00007ffe0f1da60d
0x00000030bfdff3b0:   00000000c42f4300 00007ffe0f1dad5d
0x00000030bfdff3c0:   00000030bfdff3f0 00007ffe0f1da252
0x00000030bfdff3d0:   00000030bfdff4e0 0000000000000001
0x00000030bfdff3e0:   00000000c42f42e8 00007ffe0f1da252
0x00000030bfdff3f0:   000001b180183560 0000000000000004
0x00000030bfdff400:   00000030bfdff520 0000000000000000
0x00000030bfdff410:   000001b1cc3863e0 00007ffe0f1f8a80
0x00000030bfdff420:   00000000c42f42e8 000001b1cc36b500
0x00000030bfdff430:   00000030bfdff4e0 000001b1cc36b500
0x00000030bfdff440:   00000000c42f42e8 00007ffe0f1f5011
0x00000030bfdff450:   000000000069e85d 0000000000000000
0x00000030bfdff460:   00000000c3e8f268 00007ffe0f1f658a
0x00000030bfdff470:   00000000006a0000 00007ffe0f1f6c9c
0x00000030bfdff480:   00000000c42f42d8 000000000069e85d
0x00000030bfdff490:   0000000000000001 000001b1cc3863e0
0x00000030bfdff4a0:   000001b1cc374ad0 0000000000000001
0x00000030bfdff4b0:   000001b1cc3863e0 00007ffe0f1f58e9
0x00000030bfdff4c0:   000001b1cc386478 0000000000000000
0x00000030bfdff4d0:   00000030bfcff301 0000000000000000
0x00000030bfdff4e0:   000001b1cc36b4f0 000001b1cc3863e0
0x00000030bfdff4f0:   00000000c42045c8 000000000001f747
0x00000030bfdff500:   00000000c42045c8 000000000001f747
0x00000030bfdff510:   000001b1cc347208 00007ffe6e4f43b0
0x00000030bfdff520:   00007ffe0f840e08 000001b1cc3db110
0x00000030bfdff530:   0000003000000003 000001b1cc3400a0
0x00000030bfdff540:   000001b1cc3863e0 00007ffe0f54cd73 

Instructions: (pc=0x00007ffe0f1dce45)
0x00007ffe0f1dcd45:   05 75 35 48 8b 83 a8 00 00 00 48 39 83 a0 00 00
0x00007ffe0f1dcd55:   00 73 10 48 8b 83 c0 00 00 00 48 39 83 b8 00 00
0x00007ffe0f1dcd65:   00 72 7f 48 8b cb e8 10 af 01 00 b0 01 48 8b 5c
0x00007ffe0f1dcd75:   24 30 48 83 c4 20 5f c3 48 8b 53 30 44 8b 82 80
0x00007ffe0f1dcd85:   00 00 00 8b 82 00 01 00 00 41 8b c8 2b c8 81 e1
0x00007ffe0f1dcd95:   ff ff 01 00 81 f9 fe ff 01 00 72 2c 48 8b cb e8
0x00007ffe0f1dcda5:   e7 a0 01 00 48 8b 53 30 44 8b 82 80 00 00 00 8b
0x00007ffe0f1dcdb5:   82 00 01 00 00 41 8b c8 2b c8 81 e1 ff ff 01 00
0x00007ffe0f1dcdc5:   81 f9 fe ff 01 00 73 1a 48 8b 82 80 01 00 00 4a
0x00007ffe0f1dcdd5:   89 3c c0 41 8d 40 01 25 ff ff 01 00 89 82 80 00
0x00007ffe0f1dcde5:   00 00 48 8b 5c 24 30 b0 01 48 83 c4 20 5f c3 cc
0x00007ffe0f1dcdf5:   cc cc cc cc cc cc cc cc cc cc cc 48 89 6c 24 10
0x00007ffe0f1dce05:   48 89 74 24 18 57 48 83 ec 20 4c 8b 51 08 48 8b
0x00007ffe0f1dce15:   f1 4d 8b c8 8b ea 49 8b f8 41 8b 8a 48 02 00 00
0x00007ffe0f1dce25:   49 8b 82 40 02 00 00 48 d3 e0 8b 0d db 53 89 00
0x00007ffe0f1dce35:   4c 2b c8 49 8b 82 28 02 00 00 49 d3 e9 45 8b c9
0x00007ffe0f1dce45:   4a 8b 04 c8 48 8b 40 60 4c 3b c0 72 12 32 c0 48
0x00007ffe0f1dce55:   8b 6c 24 38 48 8b 74 24 40 48 83 c4 20 5f c3 48
0x00007ffe0f1dce65:   8b 46 10 48 8d 4e 10 48 8b d7 48 89 5c 24 30 ff
0x00007ffe0f1dce75:   10 8b 4e 28 48 8b d7 48 2b 56 18 48 8b 46 30 48
0x00007ffe0f1dce85:   c1 ea 03 48 d3 ea 48 8b ca 48 c1 e9 06 4c 8d 04
0x00007ffe0f1dce95:   c8 0f b6 ca 49 8b 00 80 e1 3f ba 01 00 00 00 48
0x00007ffe0f1dcea5:   d3 e2 48 8b c8 48 0b ca 48 3b c8 74 12 f0 49 0f
0x00007ffe0f1dceb5:   b1 08 74 25 48 8b c8 48 0b ca 48 3b c8 75 ee 32
0x00007ffe0f1dcec5:   db 48 8b 6c 24 38 0f b6 c3 48 8b 5c 24 30 48 8b
0x00007ffe0f1dced5:   74 24 40 48 83 c4 20 5f c3 80 3d 86 49 89 00 00
0x00007ffe0f1dcee5:   b3 01 74 15 8b 57 08 8b 0d f6 70 82 00 48 d3 e2
0x00007ffe0f1dcef5:   48 03 15 e4 70 82 00 eb 04 48 8b 57 08 48 8b cf
0x00007ffe0f1dcf05:   e8 76 39 e2 ff 48 8b 8e b8 02 00 00 4c 8b d8 4c
0x00007ffe0f1dcf15:   8b 0c e9 49 8b 51 18 8b 8a 48 02 00 00 4c 8b 82
0x00007ffe0f1dcf25:   40 02 00 00 41 8b 51 60 49 d3 e0 8b 0d da 52 89
0x00007ffe0f1dcf35:   00 49 2b f8 48 d3 ef 44 8b d7 49 23 d2 48 c1 e2 


Stack slot to memory mapping:
stack at sp + 0 slots: 0x0 is NULL
stack at sp + 1 slots: 0x00000000002625a0 is an unknown value
stack at sp + 2 slots: 0x0000f653bbaff3e7 is an unknown value
stack at sp + 3 slots: 0x00000030bfdff520 points into unknown readable memory: 0x00007ffe0f840e08 | 08 0e 84 0f fe 7f 00 00
stack at sp + 4 slots: 0x0000000000020000 is an unknown value
stack at sp + 5 slots: 0x00007ffe0f1dccdf jvm.dll
stack at sp + 6 slots: 0x000001b1cc3863e0 points into unknown readable memory: 0x00007ffe0f840de8 | e8 0d 84 0f fe 7f 00 00
stack at sp + 7 slots: 0x00000030bfdff520 points into unknown readable memory: 0x00007ffe0f840e08 | 08 0e 84 0f fe 7f 00 00


---------------  P R O C E S S  ---------------

Threads class SMR info:
_java_thread_list=0x000001b1f062b580, length=18, elements={
0x000001b1cc32b070, 0x000001b1e76bbc30, 0x000001b1e76bc770, 0x000001b1e76bead0,
0x000001b1e76bf890, 0x000001b1e76c21e0, 0x000001b1e76cc970, 0x000001b1e76d4fe0,
0x000001b1e76d9410, 0x000001b1e768f030, 0x000001b1ebc486f0, 0x000001b1ebd1b440,
0x000001b1ee7ca480, 0x000001b1ee11afd0, 0x000001b1edf92b50, 0x000001b1ee420640,
0x000001b1ee420b90, 0x000001b1ee421b80
}

Java Threads: ( => current thread )
  0x000001b1cc32b070 JavaThread "main" [_thread_in_native, id=12696, stack(0x00000030bfa00000,0x00000030bfb00000)]
  0x000001b1e76bbc30 JavaThread "Reference Handler" daemon [_thread_blocked, id=10404, stack(0x00000030c0100000,0x00000030c0200000)]
  0x000001b1e76bc770 JavaThread "Finalizer" daemon [_thread_blocked, id=4008, stack(0x00000030c0200000,0x00000030c0300000)]
  0x000001b1e76bead0 JavaThread "Signal Dispatcher" daemon [_thread_blocked, id=5632, stack(0x00000030c0300000,0x00000030c0400000)]
  0x000001b1e76bf890 JavaThread "Attach Listener" daemon [_thread_blocked, id=12996, stack(0x00000030c0400000,0x00000030c0500000)]
  0x000001b1e76c21e0 JavaThread "Service Thread" daemon [_thread_blocked, id=3436, stack(0x00000030c0500000,0x00000030c0600000)]
  0x000001b1e76cc970 JavaThread "Monitor Deflation Thread" daemon [_thread_blocked, id=3212, stack(0x00000030c0600000,0x00000030c0700000)]
  0x000001b1e76d4fe0 JavaThread "C2 CompilerThread0" daemon [_thread_in_native, id=4268, stack(0x00000030c0700000,0x00000030c0800000)]
  0x000001b1e76d9410 JavaThread "C1 CompilerThread0" daemon [_thread_blocked, id=3420, stack(0x00000030c0800000,0x00000030c0900000)]
  0x000001b1e768f030 JavaThread "Common-Cleaner" daemon [_thread_blocked, id=12388, stack(0x00000030c0900000,0x00000030c0a00000)]
  0x000001b1ebc486f0 JavaThread "Monitor Ctrl-Break" daemon [_thread_in_native, id=6516, stack(0x00000030c0b00000,0x00000030c0c00000)]
  0x000001b1ebd1b440 JavaThread "Notification Thread" daemon [_thread_blocked, id=9800, stack(0x00000030c0c00000,0x00000030c0d00000)]
  0x000001b1ee7ca480 JavaThread "Catalina-utility-1" [_thread_blocked, id=1240, stack(0x00000030c1600000,0x00000030c1700000)]
  0x000001b1ee11afd0 JavaThread "Catalina-utility-2" [_thread_blocked, id=3024, stack(0x00000030c1700000,0x00000030c1800000)]
  0x000001b1edf92b50 JavaThread "container-0" [_thread_blocked, id=7924, stack(0x00000030c1800000,0x00000030c1900000)]
  0x000001b1ee420640 JavaThread "PostgreSQL-JDBC-Cleaner" daemon [_thread_blocked, id=8708, stack(0x00000030c0a00000,0x00000030c0b00000)]
  0x000001b1ee420b90 JavaThread "HikariPool-1 housekeeper" daemon [_thread_blocked, id=10856, stack(0x00000030c1a00000,0x00000030c1b00000)]
  0x000001b1ee421b80 JavaThread "HikariPool-1 connection adder" daemon [_thread_in_native, id=12792, stack(0x00000030c1b00000,0x00000030c1c00000)]

Other Threads:
  0x000001b1e76a4680 VMThread "VM Thread" [stack: 0x00000030c0000000,0x00000030c0100000] [id=8776]
  0x000001b1ebc48c40 WatcherThread "VM Periodic Task Thread" [stack: 0x00000030c0d00000,0x00000030c0e00000] [id=6676]
  0x000001b1cc36aed0 WorkerThread "GC Thread#0" [stack: 0x00000030bfb00000,0x00000030bfc00000] [id=12948]
  0x000001b1ec514e80 WorkerThread "GC Thread#1" [stack: 0x00000030c0e00000,0x00000030c0f00000] [id=8400]
  0x000001b1ec72c110 WorkerThread "GC Thread#2" [stack: 0x00000030c0f00000,0x00000030c1000000] [id=3496]
  0x000001b1ec6df2a0 WorkerThread "GC Thread#3" [stack: 0x00000030c1000000,0x00000030c1100000] [id=13304]
  0x000001b1ec6de490 WorkerThread "GC Thread#4" [stack: 0x00000030c1100000,0x00000030c1200000] [id=5716]
  0x000001b1ec6df570 WorkerThread "GC Thread#5" [stack: 0x00000030c1200000,0x00000030c1300000] [id=3940]
  0x000001b1ec6dfde0 WorkerThread "GC Thread#6" [stack: 0x00000030c1400000,0x00000030c1500000] [id=6088]
  0x000001b1ec6e00b0 WorkerThread "GC Thread#7" [stack: 0x00000030c1500000,0x00000030c1600000] [id=7140]
  0x000001b1cc373c20 ConcurrentGCThread "G1 Main Marker" [stack: 0x00000030bfc00000,0x00000030bfd00000] [id=8808]
=>0x000001b1cc3747f0 WorkerThread "G1 Conc#0" [stack: 0x00000030bfd00000,0x00000030bfe00000] [id=2976]
  0x000001b1ec6defd0 WorkerThread "G1 Conc#1" [stack: 0x00000030c1300000,0x00000030c1400000] [id=1588]
  0x000001b1e75710a0 ConcurrentGCThread "G1 Refine#0" [stack: 0x00000030bfe00000,0x00000030bff00000] [id=3220]
  0x000001b1e75719e0 ConcurrentGCThread "G1 Service" [stack: 0x00000030bff00000,0x00000030c0000000] [id=9368]

Threads with active compile tasks:
C2 CompilerThread0    12121 6288 %     4       io.github.classgraph.ClasspathElementZip::scanPaths @ 517 (879 bytes)

VM state: not at safepoint (normal execution)

VM Mutex/Monitor currently owned by a thread: None

Heap address: 0x00000000c0e00000, size: 1010 MB, Compressed Oops mode: 32-bit

CDS archive(s) mapped at: [0x000001b180000000-0x000001b180c60000-0x000001b180c60000), size 12976128, SharedBaseAddress: 0x000001b180000000, ArchiveRelocationMode: 1.
Compressed class space mapped at: 0x000001b181000000-0x000001b1c1000000, reserved size: 1073741824
Narrow klass base: 0x000001b180000000, Narrow klass shift: 0, Narrow klass range: 0x100000000

GC Precious Log:
 CardTable entry size: 512
 Card Set container configuration: InlinePtr #cards 5 size 8 Array Of Cards #cards 12 size 40 Howl #buckets 4 coarsen threshold 1843 Howl Bitmap #cards 512 size 80 coarsen threshold 460 Card regions per heap region 1 cards per card region 2048
 CPUs: 8 total, 8 available
 Memory: 4039M
 Large Page Support: Disabled
 NUMA Support: Disabled
 Compressed Oops: Enabled (32-bit)
 Heap Region Size: 1M
 Heap Min Capacity: 8M
 Heap Initial Capacity: 64M
 Heap Max Capacity: 1010M
 Pre-touch: Disabled
 Parallel Workers: 8
 Concurrent Workers: 2
 Concurrent Refinement Workers: 8
 Periodic GC: Disabled

Heap:
 garbage-first heap   total 187392K, used 75776K [0x00000000c0e00000, 0x0000000100000000)
  region size 1024K, 16 young (16384K), 3 survivors (3072K)
 Metaspace       used 69509K, committed 70272K, reserved 1114112K
  class space    used 9346K, committed 9664K, reserved 1048576K

Heap Regions: E=young(eden), S=young(survivor), O=old, HS=humongous(starts), HC=humongous(continues), CS=collection set, F=free, OA=open archive, CA=closed archive, TAMS=top-at-mark-start, PB=parsable bottom
|   0|0x00000000c0e00000, 0x00000000c0f00000, 0x00000000c0f00000|100%|HS|  |TAMS 0x00000000c0f00000| PB 0x00000000c0e00000| Complete 
|   1|0x00000000c0f00000, 0x00000000c1000000, 0x00000000c1000000|100%| O|  |TAMS 0x00000000c1000000| PB 0x00000000c0f00000| Untracked 
|   2|0x00000000c1000000, 0x00000000c1100000, 0x00000000c1100000|100%| O|  |TAMS 0x00000000c1100000| PB 0x00000000c1000000| Untracked 
|   3|0x00000000c1100000, 0x00000000c1200000, 0x00000000c1200000|100%| O|  |TAMS 0x00000000c1200000| PB 0x00000000c1100000| Untracked 
|   4|0x00000000c1200000, 0x00000000c1300000, 0x00000000c1300000|100%| O|  |TAMS 0x00000000c1300000| PB 0x00000000c1200000| Untracked 
|   5|0x00000000c1300000, 0x00000000c1400000, 0x00000000c1400000|100%| O|  |TAMS 0x00000000c1400000| PB 0x00000000c1300000| Untracked 
|   6|0x00000000c1400000, 0x00000000c1500000, 0x00000000c1500000|100%| O|  |TAMS 0x00000000c1500000| PB 0x00000000c1400000| Untracked 
|   7|0x00000000c1500000, 0x00000000c1600000, 0x00000000c1600000|100%| O|  |TAMS 0x00000000c1600000| PB 0x00000000c1500000| Untracked 
|   8|0x00000000c1600000, 0x00000000c1700000, 0x00000000c1700000|100%| O|  |TAMS 0x00000000c1700000| PB 0x00000000c1600000| Untracked 
|   9|0x00000000c1700000, 0x00000000c1800000, 0x00000000c1800000|100%| O|  |TAMS 0x00000000c1800000| PB 0x00000000c1700000| Untracked 
|  10|0x00000000c1800000, 0x00000000c1900000, 0x00000000c1900000|100%| O|  |TAMS 0x00000000c1900000| PB 0x00000000c1800000| Untracked 
|  11|0x00000000c1900000, 0x00000000c1a00000, 0x00000000c1a00000|100%| O|  |TAMS 0x00000000c1a00000| PB 0x00000000c1900000| Untracked 
|  12|0x00000000c1a00000, 0x00000000c1b00000, 0x00000000c1b00000|100%| O|  |TAMS 0x00000000c1b00000| PB 0x00000000c1a00000| Untracked 
|  13|0x00000000c1b00000, 0x00000000c1c00000, 0x00000000c1c00000|100%| O|  |TAMS 0x00000000c1c00000| PB 0x00000000c1b00000| Untracked 
|  14|0x00000000c1c00000, 0x00000000c1d00000, 0x00000000c1d00000|100%| O|  |TAMS 0x00000000c1d00000| PB 0x00000000c1c00000| Untracked 
|  15|0x00000000c1d00000, 0x00000000c1e00000, 0x00000000c1e00000|100%| O|  |TAMS 0x00000000c1e00000| PB 0x00000000c1d00000| Untracked 
|  16|0x00000000c1e00000, 0x00000000c1f00000, 0x00000000c1f00000|100%| O|  |TAMS 0x00000000c1f00000| PB 0x00000000c1e00000| Untracked 
|  17|0x00000000c1f00000, 0x00000000c2000000, 0x00000000c2000000|100%| O|  |TAMS 0x00000000c2000000| PB 0x00000000c1f00000| Untracked 
|  18|0x00000000c2000000, 0x00000000c2100000, 0x00000000c2100000|100%| O|  |TAMS 0x00000000c2100000| PB 0x00000000c2000000| Untracked 
|  19|0x00000000c2100000, 0x00000000c2200000, 0x00000000c2200000|100%| O|  |TAMS 0x00000000c2200000| PB 0x00000000c2100000| Untracked 
|  20|0x00000000c2200000, 0x00000000c2300000, 0x00000000c2300000|100%| O|  |TAMS 0x00000000c2300000| PB 0x00000000c2200000| Untracked 
|  21|0x00000000c2300000, 0x00000000c2400000, 0x00000000c2400000|100%| O|  |TAMS 0x00000000c2400000| PB 0x00000000c2300000| Untracked 
|  22|0x00000000c2400000, 0x00000000c2500000, 0x00000000c2500000|100%| O|  |TAMS 0x00000000c2500000| PB 0x00000000c2400000| Untracked 
|  23|0x00000000c2500000, 0x00000000c2600000, 0x00000000c2600000|100%| O|  |TAMS 0x00000000c2600000| PB 0x00000000c2500000| Untracked 
|  24|0x00000000c2600000, 0x00000000c2700000, 0x00000000c2700000|100%| O|  |TAMS 0x00000000c2700000| PB 0x00000000c2600000| Untracked 
|  25|0x00000000c2700000, 0x00000000c2800000, 0x00000000c2800000|100%| O|  |TAMS 0x00000000c2800000| PB 0x00000000c2700000| Untracked 
|  26|0x00000000c2800000, 0x00000000c2900000, 0x00000000c2900000|100%| O|  |TAMS 0x00000000c2900000| PB 0x00000000c2800000| Untracked 
|  27|0x00000000c2900000, 0x00000000c2a00000, 0x00000000c2a00000|100%| O|  |TAMS 0x00000000c2a00000| PB 0x00000000c2900000| Untracked 
|  28|0x00000000c2a00000, 0x00000000c2b00000, 0x00000000c2b00000|100%| O|  |TAMS 0x00000000c2b00000| PB 0x00000000c2a00000| Untracked 
|  29|0x00000000c2b00000, 0x00000000c2c00000, 0x00000000c2c00000|100%| O|  |TAMS 0x00000000c2c00000| PB 0x00000000c2b00000| Untracked 
|  30|0x00000000c2c00000, 0x00000000c2d00000, 0x00000000c2d00000|100%| O|  |TAMS 0x00000000c2d00000| PB 0x00000000c2c00000| Untracked 
|  31|0x00000000c2d00000, 0x00000000c2e00000, 0x00000000c2e00000|100%| O|  |TAMS 0x00000000c2e00000| PB 0x00000000c2d00000| Untracked 
|  32|0x00000000c2e00000, 0x00000000c2f00000, 0x00000000c2f00000|100%| O|  |TAMS 0x00000000c2f00000| PB 0x00000000c2e00000| Untracked 
|  33|0x00000000c2f00000, 0x00000000c3000000, 0x00000000c3000000|100%| O|  |TAMS 0x00000000c3000000| PB 0x00000000c2f00000| Untracked 
|  34|0x00000000c3000000, 0x00000000c3100000, 0x00000000c3100000|100%| O|  |TAMS 0x00000000c3100000| PB 0x00000000c3000000| Untracked 
|  35|0x00000000c3100000, 0x00000000c3100000, 0x00000000c3200000|  0%| F|  |TAMS 0x00000000c3100000| PB 0x00000000c3100000| Untracked 
|  36|0x00000000c3200000, 0x00000000c3300000, 0x00000000c3300000|100%| O|  |TAMS 0x00000000c3300000| PB 0x00000000c3200000| Untracked 
|  37|0x00000000c3300000, 0x00000000c3400000, 0x00000000c3400000|100%| O|  |TAMS 0x00000000c3400000| PB 0x00000000c3300000| Untracked 
|  38|0x00000000c3400000, 0x00000000c3500000, 0x00000000c3500000|100%| O|  |TAMS 0x00000000c3500000| PB 0x00000000c3400000| Untracked 
|  39|0x00000000c3500000, 0x00000000c3600000, 0x00000000c3600000|100%| O|  |TAMS 0x00000000c3600000| PB 0x00000000c3500000| Untracked 
|  40|0x00000000c3600000, 0x00000000c3700000, 0x00000000c3700000|100%| O|  |TAMS 0x00000000c3700000| PB 0x00000000c3600000| Untracked 
|  41|0x00000000c3700000, 0x00000000c3800000, 0x00000000c3800000|100%| O|  |TAMS 0x00000000c3800000| PB 0x00000000c3700000| Untracked 
|  42|0x00000000c3800000, 0x00000000c3900000, 0x00000000c3900000|100%| O|  |TAMS 0x00000000c3900000| PB 0x00000000c3800000| Untracked 
|  43|0x00000000c3900000, 0x00000000c3a00000, 0x00000000c3a00000|100%| O|  |TAMS 0x00000000c3a00000| PB 0x00000000c3900000| Untracked 
|  44|0x00000000c3a00000, 0x00000000c3b00000, 0x00000000c3b00000|100%| O|  |TAMS 0x00000000c3b00000| PB 0x00000000c3a00000| Untracked 
|  45|0x00000000c3b00000, 0x00000000c3c00000, 0x00000000c3c00000|100%| O|  |TAMS 0x00000000c3c00000| PB 0x00000000c3b00000| Untracked 
|  46|0x00000000c3c00000, 0x00000000c3d00000, 0x00000000c3d00000|100%| O|  |TAMS 0x00000000c3d00000| PB 0x00000000c3c00000| Untracked 
|  47|0x00000000c3d00000, 0x00000000c3e00000, 0x00000000c3e00000|100%| O|  |TAMS 0x00000000c3e00000| PB 0x00000000c3d00000| Untracked 
|  48|0x00000000c3e00000, 0x00000000c3f00000, 0x00000000c3f00000|100%| O|  |TAMS 0x00000000c3f00000| PB 0x00000000c3e00000| Untracked 
|  49|0x00000000c3f00000, 0x00000000c4000000, 0x00000000c4000000|100%| O|  |TAMS 0x00000000c4000000| PB 0x00000000c3f00000| Untracked 
|  50|0x00000000c4000000, 0x00000000c4100000, 0x00000000c4100000|100%| O|  |TAMS 0x00000000c4100000| PB 0x00000000c4000000| Untracked 
|  51|0x00000000c4100000, 0x00000000c4200000, 0x00000000c4200000|100%| O|  |TAMS 0x00000000c4200000| PB 0x00000000c4100000| Untracked 
|  52|0x00000000c4200000, 0x00000000c4300000, 0x00000000c4300000|100%| O|  |TAMS 0x00000000c4300000| PB 0x00000000c4200000| Untracked 
|  53|0x00000000c4300000, 0x00000000c4400000, 0x00000000c4400000|100%| O|  |TAMS 0x00000000c4400000| PB 0x00000000c4300000| Untracked 
|  54|0x00000000c4400000, 0x00000000c4500000, 0x00000000c4500000|100%| O|  |TAMS 0x00000000c44bd600| PB 0x00000000c4400000| Untracked 
|  55|0x00000000c4500000, 0x00000000c4600000, 0x00000000c4600000|100%| O|  |TAMS 0x00000000c4500000| PB 0x00000000c4500000| Untracked 
|  56|0x00000000c4600000, 0x00000000c4700000, 0x00000000c4700000|100%| O|  |TAMS 0x00000000c4600000| PB 0x00000000c4600000| Untracked 
|  57|0x00000000c4700000, 0x00000000c4800000, 0x00000000c4800000|100%| O|  |TAMS 0x00000000c4700000| PB 0x00000000c4700000| Untracked 
|  58|0x00000000c4800000, 0x00000000c4900000, 0x00000000c4900000|100%| O|  |TAMS 0x00000000c4800000| PB 0x00000000c4800000| Untracked 
|  59|0x00000000c4900000, 0x00000000c4a00000, 0x00000000c4a00000|100%| O|  |TAMS 0x00000000c4900000| PB 0x00000000c4900000| Untracked 
|  60|0x00000000c4a00000, 0x00000000c4a00000, 0x00000000c4b00000|  0%| F|  |TAMS 0x00000000c4a00000| PB 0x00000000c4a00000| Untracked 
|  61|0x00000000c4b00000, 0x00000000c4b00000, 0x00000000c4c00000|  0%| F|  |TAMS 0x00000000c4b00000| PB 0x00000000c4b00000| Untracked 
|  62|0x00000000c4c00000, 0x00000000c4c00000, 0x00000000c4d00000|  0%| F|  |TAMS 0x00000000c4c00000| PB 0x00000000c4c00000| Untracked 
|  63|0x00000000c4d00000, 0x00000000c4d00000, 0x00000000c4e00000|  0%| F|  |TAMS 0x00000000c4d00000| PB 0x00000000c4d00000| Untracked 
|  64|0x00000000c4e00000, 0x00000000c4e00000, 0x00000000c4f00000|  0%| F|  |TAMS 0x00000000c4e00000| PB 0x00000000c4e00000| Untracked 
|  65|0x00000000c4f00000, 0x00000000c4f00000, 0x00000000c5000000|  0%| F|  |TAMS 0x00000000c4f00000| PB 0x00000000c4f00000| Untracked 
|  66|0x00000000c5000000, 0x00000000c5000000, 0x00000000c5100000|  0%| F|  |TAMS 0x00000000c5000000| PB 0x00000000c5000000| Untracked 
|  67|0x00000000c5100000, 0x00000000c5100000, 0x00000000c5200000|  0%| F|  |TAMS 0x00000000c5100000| PB 0x00000000c5100000| Untracked 
|  68|0x00000000c5200000, 0x00000000c5200000, 0x00000000c5300000|  0%| F|  |TAMS 0x00000000c5200000| PB 0x00000000c5200000| Untracked 
|  69|0x00000000c5300000, 0x00000000c5300000, 0x00000000c5400000|  0%| F|  |TAMS 0x00000000c5300000| PB 0x00000000c5300000| Untracked 
|  70|0x00000000c5400000, 0x00000000c5400000, 0x00000000c5500000|  0%| F|  |TAMS 0x00000000c5400000| PB 0x00000000c5400000| Untracked 
|  71|0x00000000c5500000, 0x00000000c5500000, 0x00000000c5600000|  0%| F|  |TAMS 0x00000000c5500000| PB 0x00000000c5500000| Untracked 
|  72|0x00000000c5600000, 0x00000000c5700000, 0x00000000c5700000|100%| S|CS|TAMS 0x00000000c5600000| PB 0x00000000c5600000| Complete 
|  73|0x00000000c5700000, 0x00000000c5800000, 0x00000000c5800000|100%| S|CS|TAMS 0x00000000c5700000| PB 0x00000000c5700000| Complete 
|  74|0x00000000c5800000, 0x00000000c5900000, 0x00000000c5900000|100%| S|CS|TAMS 0x00000000c5800000| PB 0x00000000c5800000| Complete 
|  75|0x00000000c5900000, 0x00000000c5900000, 0x00000000c5a00000|  0%| F|  |TAMS 0x00000000c5900000| PB 0x00000000c5900000| Untracked 
|  76|0x00000000c5a00000, 0x00000000c5a00000, 0x00000000c5b00000|  0%| F|  |TAMS 0x00000000c5a00000| PB 0x00000000c5a00000| Untracked 
|  77|0x00000000c5b00000, 0x00000000c5b00000, 0x00000000c5c00000|  0%| F|  |TAMS 0x00000000c5b00000| PB 0x00000000c5b00000| Untracked 
|  78|0x00000000c5c00000, 0x00000000c5c00000, 0x00000000c5d00000|  0%| F|  |TAMS 0x00000000c5c00000| PB 0x00000000c5c00000| Untracked 
|  79|0x00000000c5d00000, 0x00000000c5d00000, 0x00000000c5e00000|  0%| F|  |TAMS 0x00000000c5d00000| PB 0x00000000c5d00000| Untracked 
|  80|0x00000000c5e00000, 0x00000000c5e00000, 0x00000000c5f00000|  0%| F|  |TAMS 0x00000000c5e00000| PB 0x00000000c5e00000| Untracked 
|  81|0x00000000c5f00000, 0x00000000c5f00000, 0x00000000c6000000|  0%| F|  |TAMS 0x00000000c5f00000| PB 0x00000000c5f00000| Untracked 
|  82|0x00000000c6000000, 0x00000000c6000000, 0x00000000c6100000|  0%| F|  |TAMS 0x00000000c6000000| PB 0x00000000c6000000| Untracked 
|  83|0x00000000c6100000, 0x00000000c6100000, 0x00000000c6200000|  0%| F|  |TAMS 0x00000000c6100000| PB 0x00000000c6100000| Untracked 
|  84|0x00000000c6200000, 0x00000000c6200000, 0x00000000c6300000|  0%| F|  |TAMS 0x00000000c6200000| PB 0x00000000c6200000| Untracked 
|  85|0x00000000c6300000, 0x00000000c6300000, 0x00000000c6400000|  0%| F|  |TAMS 0x00000000c6300000| PB 0x00000000c6300000| Untracked 
|  86|0x00000000c6400000, 0x00000000c6400000, 0x00000000c6500000|  0%| F|  |TAMS 0x00000000c6400000| PB 0x00000000c6400000| Untracked 
|  87|0x00000000c6500000, 0x00000000c6500000, 0x00000000c6600000|  0%| F|  |TAMS 0x00000000c6500000| PB 0x00000000c6500000| Untracked 
|  88|0x00000000c6600000, 0x00000000c6600000, 0x00000000c6700000|  0%| F|  |TAMS 0x00000000c6600000| PB 0x00000000c6600000| Untracked 
|  89|0x00000000c6700000, 0x00000000c6700000, 0x00000000c6800000|  0%| F|  |TAMS 0x00000000c6700000| PB 0x00000000c6700000| Untracked 
|  90|0x00000000c6800000, 0x00000000c6800000, 0x00000000c6900000|  0%| F|  |TAMS 0x00000000c6800000| PB 0x00000000c6800000| Untracked 
|  91|0x00000000c6900000, 0x00000000c6900000, 0x00000000c6a00000|  0%| F|  |TAMS 0x00000000c6900000| PB 0x00000000c6900000| Untracked 
|  92|0x00000000c6a00000, 0x00000000c6a00000, 0x00000000c6b00000|  0%| F|  |TAMS 0x00000000c6a00000| PB 0x00000000c6a00000| Untracked 
|  93|0x00000000c6b00000, 0x00000000c6b00000, 0x00000000c6c00000|  0%| F|  |TAMS 0x00000000c6b00000| PB 0x00000000c6b00000| Untracked 
|  94|0x00000000c6c00000, 0x00000000c6c00000, 0x00000000c6d00000|  0%| F|  |TAMS 0x00000000c6c00000| PB 0x00000000c6c00000| Untracked 
|  95|0x00000000c6d00000, 0x00000000c6d00000, 0x00000000c6e00000|  0%| F|  |TAMS 0x00000000c6d00000| PB 0x00000000c6d00000| Untracked 
|  96|0x00000000c6e00000, 0x00000000c6e00000, 0x00000000c6f00000|  0%| F|  |TAMS 0x00000000c6e00000| PB 0x00000000c6e00000| Untracked 
|  97|0x00000000c6f00000, 0x00000000c6f00000, 0x00000000c7000000|  0%| F|  |TAMS 0x00000000c6f00000| PB 0x00000000c6f00000| Untracked 
|  98|0x00000000c7000000, 0x00000000c7000000, 0x00000000c7100000|  0%| F|  |TAMS 0x00000000c7000000| PB 0x00000000c7000000| Untracked 
|  99|0x00000000c7100000, 0x00000000c7100000, 0x00000000c7200000|  0%| F|  |TAMS 0x00000000c7100000| PB 0x00000000c7100000| Untracked 
| 100|0x00000000c7200000, 0x00000000c7200000, 0x00000000c7300000|  0%| F|  |TAMS 0x00000000c7200000| PB 0x00000000c7200000| Untracked 
| 101|0x00000000c7300000, 0x00000000c7300000, 0x00000000c7400000|  0%| F|  |TAMS 0x00000000c7300000| PB 0x00000000c7300000| Untracked 
| 102|0x00000000c7400000, 0x00000000c7400000, 0x00000000c7500000|  0%| F|  |TAMS 0x00000000c7400000| PB 0x00000000c7400000| Untracked 
| 103|0x00000000c7500000, 0x00000000c7500000, 0x00000000c7600000|  0%| F|  |TAMS 0x00000000c7500000| PB 0x00000000c7500000| Untracked 
| 104|0x00000000c7600000, 0x00000000c7600000, 0x00000000c7700000|  0%| F|  |TAMS 0x00000000c7600000| PB 0x00000000c7600000| Untracked 
| 105|0x00000000c7700000, 0x00000000c7700000, 0x00000000c7800000|  0%| F|  |TAMS 0x00000000c7700000| PB 0x00000000c7700000| Untracked 
| 106|0x00000000c7800000, 0x00000000c7800000, 0x00000000c7900000|  0%| F|  |TAMS 0x00000000c7800000| PB 0x00000000c7800000| Untracked 
| 107|0x00000000c7900000, 0x00000000c7900000, 0x00000000c7a00000|  0%| F|  |TAMS 0x00000000c7900000| PB 0x00000000c7900000| Untracked 
| 108|0x00000000c7a00000, 0x00000000c7a00000, 0x00000000c7b00000|  0%| F|  |TAMS 0x00000000c7a00000| PB 0x00000000c7a00000| Untracked 
| 109|0x00000000c7b00000, 0x00000000c7b00000, 0x00000000c7c00000|  0%| F|  |TAMS 0x00000000c7b00000| PB 0x00000000c7b00000| Untracked 
| 110|0x00000000c7c00000, 0x00000000c7c00000, 0x00000000c7d00000|  0%| F|  |TAMS 0x00000000c7c00000| PB 0x00000000c7c00000| Untracked 
| 111|0x00000000c7d00000, 0x00000000c7d00000, 0x00000000c7e00000|  0%| F|  |TAMS 0x00000000c7d00000| PB 0x00000000c7d00000| Untracked 
| 112|0x00000000c7e00000, 0x00000000c7e00000, 0x00000000c7f00000|  0%| F|  |TAMS 0x00000000c7e00000| PB 0x00000000c7e00000| Untracked 
| 113|0x00000000c7f00000, 0x00000000c7f00000, 0x00000000c8000000|  0%| F|  |TAMS 0x00000000c7f00000| PB 0x00000000c7f00000| Untracked 
| 114|0x00000000c8000000, 0x00000000c8000000, 0x00000000c8100000|  0%| F|  |TAMS 0x00000000c8000000| PB 0x00000000c8000000| Untracked 
| 115|0x00000000c8100000, 0x00000000c8100000, 0x00000000c8200000|  0%| F|  |TAMS 0x00000000c8100000| PB 0x00000000c8100000| Untracked 
| 116|0x00000000c8200000, 0x00000000c8200000, 0x00000000c8300000|  0%| F|  |TAMS 0x00000000c8200000| PB 0x00000000c8200000| Untracked 
| 117|0x00000000c8300000, 0x00000000c8300000, 0x00000000c8400000|  0%| F|  |TAMS 0x00000000c8300000| PB 0x00000000c8300000| Untracked 
| 118|0x00000000c8400000, 0x00000000c8400000, 0x00000000c8500000|  0%| F|  |TAMS 0x00000000c8400000| PB 0x00000000c8400000| Untracked 
| 119|0x00000000c8500000, 0x00000000c8500000, 0x00000000c8600000|  0%| F|  |TAMS 0x00000000c8500000| PB 0x00000000c8500000| Untracked 
| 120|0x00000000c8600000, 0x00000000c8600000, 0x00000000c8700000|  0%| F|  |TAMS 0x00000000c8600000| PB 0x00000000c8600000| Untracked 
| 121|0x00000000c8700000, 0x00000000c8700000, 0x00000000c8800000|  0%| F|  |TAMS 0x00000000c8700000| PB 0x00000000c8700000| Untracked 
| 122|0x00000000c8800000, 0x00000000c8800000, 0x00000000c8900000|  0%| F|  |TAMS 0x00000000c8800000| PB 0x00000000c8800000| Untracked 
| 123|0x00000000c8900000, 0x00000000c8900000, 0x00000000c8a00000|  0%| F|  |TAMS 0x00000000c8900000| PB 0x00000000c8900000| Untracked 
| 124|0x00000000c8a00000, 0x00000000c8a00000, 0x00000000c8b00000|  0%| F|  |TAMS 0x00000000c8a00000| PB 0x00000000c8a00000| Untracked 
| 125|0x00000000c8b00000, 0x00000000c8b00000, 0x00000000c8c00000|  0%| F|  |TAMS 0x00000000c8b00000| PB 0x00000000c8b00000| Untracked 
| 126|0x00000000c8c00000, 0x00000000c8c00000, 0x00000000c8d00000|  0%| F|  |TAMS 0x00000000c8c00000| PB 0x00000000c8c00000| Untracked 
| 127|0x00000000c8d00000, 0x00000000c8d00000, 0x00000000c8e00000|  0%| F|  |TAMS 0x00000000c8d00000| PB 0x00000000c8d00000| Untracked 
| 128|0x00000000c8e00000, 0x00000000c8e00000, 0x00000000c8f00000|  0%| F|  |TAMS 0x00000000c8e00000| PB 0x00000000c8e00000| Untracked 
| 129|0x00000000c8f00000, 0x00000000c8f00000, 0x00000000c9000000|  0%| F|  |TAMS 0x00000000c8f00000| PB 0x00000000c8f00000| Untracked 
| 130|0x00000000c9000000, 0x00000000c9000000, 0x00000000c9100000|  0%| F|  |TAMS 0x00000000c9000000| PB 0x00000000c9000000| Untracked 
| 131|0x00000000c9100000, 0x00000000c9100000, 0x00000000c9200000|  0%| F|  |TAMS 0x00000000c9100000| PB 0x00000000c9100000| Untracked 
| 132|0x00000000c9200000, 0x00000000c9200000, 0x00000000c9300000|  0%| F|  |TAMS 0x00000000c9200000| PB 0x00000000c9200000| Untracked 
| 133|0x00000000c9300000, 0x00000000c9300000, 0x00000000c9400000|  0%| F|  |TAMS 0x00000000c9300000| PB 0x00000000c9300000| Untracked 
| 134|0x00000000c9400000, 0x00000000c9400000, 0x00000000c9500000|  0%| F|  |TAMS 0x00000000c9400000| PB 0x00000000c9400000| Untracked 
| 135|0x00000000c9500000, 0x00000000c9500000, 0x00000000c9600000|  0%| F|  |TAMS 0x00000000c9500000| PB 0x00000000c9500000| Untracked 
| 136|0x00000000c9600000, 0x00000000c9600000, 0x00000000c9700000|  0%| F|  |TAMS 0x00000000c9600000| PB 0x00000000c9600000| Untracked 
| 137|0x00000000c9700000, 0x00000000c9700000, 0x00000000c9800000|  0%| F|  |TAMS 0x00000000c9700000| PB 0x00000000c9700000| Untracked 
| 138|0x00000000c9800000, 0x00000000c9800000, 0x00000000c9900000|  0%| F|  |TAMS 0x00000000c9800000| PB 0x00000000c9800000| Untracked 
| 139|0x00000000c9900000, 0x00000000c9900000, 0x00000000c9a00000|  0%| F|  |TAMS 0x00000000c9900000| PB 0x00000000c9900000| Untracked 
| 140|0x00000000c9a00000, 0x00000000c9a00000, 0x00000000c9b00000|  0%| F|  |TAMS 0x00000000c9a00000| PB 0x00000000c9a00000| Untracked 
| 141|0x00000000c9b00000, 0x00000000c9b00000, 0x00000000c9c00000|  0%| F|  |TAMS 0x00000000c9b00000| PB 0x00000000c9b00000| Untracked 
| 142|0x00000000c9c00000, 0x00000000c9c00000, 0x00000000c9d00000|  0%| F|  |TAMS 0x00000000c9c00000| PB 0x00000000c9c00000| Untracked 
| 143|0x00000000c9d00000, 0x00000000c9d00000, 0x00000000c9e00000|  0%| F|  |TAMS 0x00000000c9d00000| PB 0x00000000c9d00000| Untracked 
| 144|0x00000000c9e00000, 0x00000000c9e00000, 0x00000000c9f00000|  0%| F|  |TAMS 0x00000000c9e00000| PB 0x00000000c9e00000| Untracked 
| 145|0x00000000c9f00000, 0x00000000c9f00000, 0x00000000ca000000|  0%| F|  |TAMS 0x00000000c9f00000| PB 0x00000000c9f00000| Untracked 
| 146|0x00000000ca000000, 0x00000000ca000000, 0x00000000ca100000|  0%| F|  |TAMS 0x00000000ca000000| PB 0x00000000ca000000| Untracked 
| 147|0x00000000ca100000, 0x00000000ca100000, 0x00000000ca200000|  0%| F|  |TAMS 0x00000000ca100000| PB 0x00000000ca100000| Untracked 
| 148|0x00000000ca200000, 0x00000000ca200000, 0x00000000ca300000|  0%| F|  |TAMS 0x00000000ca200000| PB 0x00000000ca200000| Untracked 
| 149|0x00000000ca300000, 0x00000000ca300000, 0x00000000ca400000|  0%| F|  |TAMS 0x00000000ca300000| PB 0x00000000ca300000| Untracked 
| 150|0x00000000ca400000, 0x00000000ca400000, 0x00000000ca500000|  0%| F|  |TAMS 0x00000000ca400000| PB 0x00000000ca400000| Untracked 
| 151|0x00000000ca500000, 0x00000000ca500000, 0x00000000ca600000|  0%| F|  |TAMS 0x00000000ca500000| PB 0x00000000ca500000| Untracked 
| 152|0x00000000ca600000, 0x00000000ca600000, 0x00000000ca700000|  0%| F|  |TAMS 0x00000000ca600000| PB 0x00000000ca600000| Untracked 
| 153|0x00000000ca700000, 0x00000000ca700000, 0x00000000ca800000|  0%| F|  |TAMS 0x00000000ca700000| PB 0x00000000ca700000| Untracked 
| 154|0x00000000ca800000, 0x00000000ca800000, 0x00000000ca900000|  0%| F|  |TAMS 0x00000000ca800000| PB 0x00000000ca800000| Untracked 
| 155|0x00000000ca900000, 0x00000000ca900000, 0x00000000caa00000|  0%| F|  |TAMS 0x00000000ca900000| PB 0x00000000ca900000| Untracked 
| 156|0x00000000caa00000, 0x00000000caa00000, 0x00000000cab00000|  0%| F|  |TAMS 0x00000000caa00000| PB 0x00000000caa00000| Untracked 
| 157|0x00000000cab00000, 0x00000000cab00000, 0x00000000cac00000|  0%| F|  |TAMS 0x00000000cab00000| PB 0x00000000cab00000| Untracked 
| 158|0x00000000cac00000, 0x00000000cac00000, 0x00000000cad00000|  0%| F|  |TAMS 0x00000000cac00000| PB 0x00000000cac00000| Untracked 
| 159|0x00000000cad00000, 0x00000000cad00000, 0x00000000cae00000|  0%| F|  |TAMS 0x00000000cad00000| PB 0x00000000cad00000| Untracked 
| 160|0x00000000cae00000, 0x00000000cae00000, 0x00000000caf00000|  0%| F|  |TAMS 0x00000000cae00000| PB 0x00000000cae00000| Untracked 
| 161|0x00000000caf00000, 0x00000000caf00000, 0x00000000cb000000|  0%| F|  |TAMS 0x00000000caf00000| PB 0x00000000caf00000| Untracked 
| 162|0x00000000cb000000, 0x00000000cb000000, 0x00000000cb100000|  0%| F|  |TAMS 0x00000000cb000000| PB 0x00000000cb000000| Untracked 
| 163|0x00000000cb100000, 0x00000000cb100000, 0x00000000cb200000|  0%| F|  |TAMS 0x00000000cb100000| PB 0x00000000cb100000| Untracked 
| 164|0x00000000cb200000, 0x00000000cb200000, 0x00000000cb300000|  0%| F|  |TAMS 0x00000000cb200000| PB 0x00000000cb200000| Untracked 
| 165|0x00000000cb300000, 0x00000000cb300000, 0x00000000cb400000|  0%| F|  |TAMS 0x00000000cb300000| PB 0x00000000cb300000| Untracked 
| 166|0x00000000cb400000, 0x00000000cb400000, 0x00000000cb500000|  0%| F|  |TAMS 0x00000000cb400000| PB 0x00000000cb400000| Untracked 
| 167|0x00000000cb500000, 0x00000000cb500000, 0x00000000cb600000|  0%| F|  |TAMS 0x00000000cb500000| PB 0x00000000cb500000| Untracked 
| 168|0x00000000cb600000, 0x00000000cb600000, 0x00000000cb700000|  0%| F|  |TAMS 0x00000000cb600000| PB 0x00000000cb600000| Untracked 
| 169|0x00000000cb700000, 0x00000000cb700000, 0x00000000cb800000|  0%| F|  |TAMS 0x00000000cb700000| PB 0x00000000cb700000| Untracked 
| 170|0x00000000cb800000, 0x00000000cb84a0f0, 0x00000000cb900000| 28%| E|  |TAMS 0x00000000cb800000| PB 0x00000000cb800000| Complete 
| 171|0x00000000cb900000, 0x00000000cba00000, 0x00000000cba00000|100%| E|CS|TAMS 0x00000000cb900000| PB 0x00000000cb900000| Complete 
| 172|0x00000000cba00000, 0x00000000cbb00000, 0x00000000cbb00000|100%| E|CS|TAMS 0x00000000cba00000| PB 0x00000000cba00000| Complete 
| 173|0x00000000cbb00000, 0x00000000cbc00000, 0x00000000cbc00000|100%| E|CS|TAMS 0x00000000cbb00000| PB 0x00000000cbb00000| Complete 
| 174|0x00000000cbc00000, 0x00000000cbd00000, 0x00000000cbd00000|100%| E|CS|TAMS 0x00000000cbc00000| PB 0x00000000cbc00000| Complete 
| 175|0x00000000cbd00000, 0x00000000cbe00000, 0x00000000cbe00000|100%| E|CS|TAMS 0x00000000cbd00000| PB 0x00000000cbd00000| Complete 
| 176|0x00000000cbe00000, 0x00000000cbf00000, 0x00000000cbf00000|100%| E|CS|TAMS 0x00000000cbe00000| PB 0x00000000cbe00000| Complete 
| 177|0x00000000cbf00000, 0x00000000cc000000, 0x00000000cc000000|100%| E|CS|TAMS 0x00000000cbf00000| PB 0x00000000cbf00000| Complete 
| 178|0x00000000cc000000, 0x00000000cc100000, 0x00000000cc100000|100%| E|CS|TAMS 0x00000000cc000000| PB 0x00000000cc000000| Complete 
| 179|0x00000000cc100000, 0x00000000cc200000, 0x00000000cc200000|100%| E|CS|TAMS 0x00000000cc100000| PB 0x00000000cc100000| Complete 
| 180|0x00000000cc200000, 0x00000000cc300000, 0x00000000cc300000|100%| E|CS|TAMS 0x00000000cc200000| PB 0x00000000cc200000| Complete 
| 181|0x00000000cc300000, 0x00000000cc400000, 0x00000000cc400000|100%| E|CS|TAMS 0x00000000cc300000| PB 0x00000000cc300000| Complete 
|1009|0x00000000fff00000, 0x0000000100000000, 0x0000000100000000|100%| E|CS|TAMS 0x00000000fff00000| PB 0x00000000fff00000| Complete 

Card table byte_map: [0x000001b1e3910000,0x000001b1e3b10000] _byte_map_base: 0x000001b1e3309000

Marking Bits: (CMBitMap*) 0x000001b1cc36b500
 Bits: [0x000001b1e3d10000, 0x000001b1e4cd8000)

Polling page: 0x000001b1ca270000

Metaspace:

Usage:
  Non-class:     58.77 MB used.
      Class:      9.13 MB used.
       Both:     67.90 MB used.

Virtual space:
  Non-class space:       64.00 MB reserved,      59.19 MB ( 92%) committed,  1 nodes.
      Class space:        1.00 GB reserved,       9.44 MB ( <1%) committed,  1 nodes.
             Both:        1.06 GB reserved,      68.63 MB (  6%) committed. 

Chunk freelists:
   Non-Class:  336.00 KB
       Class:  2.51 MB
        Both:  2.84 MB

MaxMetaspaceSize: unlimited
CompressedClassSpaceSize: 1.00 GB
Initial GC threshold: 21.00 MB
Current GC threshold: 113.06 MB
CDS: on
MetaspaceReclaimPolicy: balanced
 - commit_granule_bytes: 65536.
 - commit_granule_words: 8192.
 - virtual_space_node_default_size: 8388608.
 - enlarge_chunks_in_place: 1.
 - new_chunks_are_fully_committed: 0.
 - uncommit_free_chunks: 1.
 - use_allocation_guard: 0.


Internal statistics:

num_allocs_failed_limit: 9.
num_arena_births: 1112.
num_arena_deaths: 0.
num_vsnodes_births: 2.
num_vsnodes_deaths: 0.
num_space_committed: 1098.
num_space_uncommitted: 0.
num_chunks_returned_to_freelist: 9.
num_chunks_taken_from_freelist: 3543.
num_chunk_merges: 6.
num_chunk_splits: 2527.
num_chunks_enlarged: 1940.
num_inconsistent_stats: 0.

CodeHeap 'non-profiled nmethods': size=120000Kb used=2684Kb max_used=2810Kb free=117315Kb
 bounds [0x000001b1dbeb0000, 0x000001b1dc190000, 0x000001b1e33e0000]
CodeHeap 'profiled nmethods': size=120000Kb used=10939Kb max_used=10939Kb free=109060Kb
 bounds [0x000001b1d43e0000, 0x000001b1d4e90000, 0x000001b1db910000]
CodeHeap 'non-nmethods': size=5760Kb used=1752Kb max_used=1796Kb free=4007Kb
 bounds [0x000001b1db910000, 0x000001b1dbb80000, 0x000001b1dbeb0000]
 total_blobs=6082 nmethods=5359 adapters=631
 compilation: enabled
              stopped_count=0, restarted_count=0
 full_count=0

Compilation events (20 events):
Event: 11.992 Thread 0x000001b1e76d9410 6386   !   2       org.springframework.beans.factory.support.AbstractBeanFactory::adaptBeanInstance (98 bytes)
Event: 11.993 Thread 0x000001b1e76d9410 nmethod 6386 0x000001b1d4e5fa10 code [0x000001b1d4e5fc40, 0x000001b1d4e60428]
Event: 11.994 Thread 0x000001b1e76d9410 6387       2       jdk.internal.reflect.MethodHandleAccessorFactory::makeSpecializedTarget (97 bytes)
Event: 11.995 Thread 0x000001b1e76d9410 nmethod 6387 0x000001b1d4e60910 code [0x000001b1d4e60b20, 0x000001b1d4e61030]
Event: 11.995 Thread 0x000001b1e76d9410 6388       2       jdk.internal.reflect.MethodHandleAccessorFactory::specializedMethodType (216 bytes)
Event: 11.996 Thread 0x000001b1e76d9410 nmethod 6388 0x000001b1d4e61310 code [0x000001b1d4e615e0, 0x000001b1d4e626e0]
Event: 12.007 Thread 0x000001b1e76d4fe0 nmethod 6287 0x000001b1dc090690 code [0x000001b1dc090940, 0x000001b1dc094038]
Event: 12.008 Thread 0x000001b1e76d4fe0 6101       4       java.util.concurrent.ConcurrentHashMap::addCount (280 bytes)
Event: 12.008 Thread 0x000001b1e76d9410 6389   !   2       org.springframework.util.ClassUtils::isVisible (26 bytes)
Event: 12.009 Thread 0x000001b1e76d9410 nmethod 6389 0x000001b1d4e62b10 code [0x000001b1d4e62cc0, 0x000001b1d4e62f10]
Event: 12.009 Thread 0x000001b1e76d9410 6390       2       java.lang.Class::methodToString (78 bytes)
Event: 12.010 Thread 0x000001b1e76d9410 nmethod 6390 0x000001b1d4e63090 code [0x000001b1d4e632c0, 0x000001b1d4e637a8]
Event: 12.010 Thread 0x000001b1e76d9410 6391       2       java.lang.reflect.Method::acquireMethodAccessor (55 bytes)
Event: 12.010 Thread 0x000001b1e76d9410 nmethod 6391 0x000001b1d4e63b10 code [0x000001b1d4e63ce0, 0x000001b1d4e64008]
Event: 12.011 Thread 0x000001b1e76d9410 6392       2       org.springframework.boot.context.properties.ConfigurationPropertiesBean::findMergedAnnotation (24 bytes)
Event: 12.011 Thread 0x000001b1e76d9410 nmethod 6392 0x000001b1d4e64190 code [0x000001b1d4e64340, 0x000001b1d4e644c8]
Event: 12.012 Thread 0x000001b1e76d4fe0 nmethod 6101 0x000001b1dc038910 code [0x000001b1dc038ac0, 0x000001b1dc038db0]
Event: 12.012 Thread 0x000001b1e76d4fe0 6146       4       java.io.WinNTFileSystem::isSlash (18 bytes)
Event: 12.012 Thread 0x000001b1e76d4fe0 nmethod 6146 0x000001b1dc0c1890 code [0x000001b1dc0c1a00, 0x000001b1dc0c1aa0]
Event: 12.012 Thread 0x000001b1e76d4fe0 6113       4       java.util.concurrent.locks.AbstractQueuedSynchronizer::release (19 bytes)

GC Heap History (20 events):
Event: 10.563 GC heap before
{Heap before GC invocations=15 (full 0):
 garbage-first heap   total 58368K, used 49935K [0x00000000c0e00000, 0x0000000100000000)
  region size 1024K, 28 young (28672K), 2 survivors (2048K)
 Metaspace       used 62584K, committed 63232K, reserved 1114112K
  class space    used 8507K, committed 8768K, reserved 1048576K
}
Event: 10.567 GC heap after
{Heap after GC invocations=16 (full 0):
 garbage-first heap   total 58368K, used 26718K [0x00000000c0e00000, 0x0000000100000000)
  region size 1024K, 4 young (4096K), 4 survivors (4096K)
 Metaspace       used 62584K, committed 63232K, reserved 1114112K
  class space    used 8507K, committed 8768K, reserved 1048576K
}
Event: 10.764 GC heap before
{Heap before GC invocations=16 (full 0):
 garbage-first heap   total 58368K, used 49246K [0x00000000c0e00000, 0x0000000100000000)
  region size 1024K, 26 young (26624K), 4 survivors (4096K)
 Metaspace       used 62815K, committed 63424K, reserved 1114112K
  class space    used 8507K, committed 8768K, reserved 1048576K
}
Event: 10.768 GC heap after
{Heap after GC invocations=17 (full 0):
 garbage-first heap   total 58368K, used 27286K [0x00000000c0e00000, 0x0000000100000000)
  region size 1024K, 2 young (2048K), 2 survivors (2048K)
 Metaspace       used 62815K, committed 63424K, reserved 1114112K
  class space    used 8507K, committed 8768K, reserved 1048576K
}
Event: 11.218 GC heap before
{Heap before GC invocations=17 (full 0):
 garbage-first heap   total 58368K, used 50838K [0x00000000c0e00000, 0x0000000100000000)
  region size 1024K, 25 young (25600K), 2 survivors (2048K)
 Metaspace       used 66828K, committed 67456K, reserved 1114112K
  class space    used 9063K, committed 9344K, reserved 1048576K
}
Event: 11.221 GC heap after
{Heap after GC invocations=18 (full 0):
 garbage-first heap   total 58368K, used 28808K [0x00000000c0e00000, 0x0000000100000000)
  region size 1024K, 3 young (3072K), 3 survivors (3072K)
 Metaspace       used 66828K, committed 67456K, reserved 1114112K
  class space    used 9063K, committed 9344K, reserved 1048576K
}
Event: 11.499 GC heap before
{Heap before GC invocations=19 (full 0):
 garbage-first heap   total 58368K, used 50312K [0x00000000c0e00000, 0x0000000100000000)
  region size 1024K, 24 young (24576K), 3 survivors (3072K)
 Metaspace       used 68498K, committed 69184K, reserved 1114112K
  class space    used 9247K, committed 9536K, reserved 1048576K
}
Event: 11.504 GC heap after
{Heap after GC invocations=20 (full 0):
 garbage-first heap   total 58368K, used 33423K [0x00000000c0e00000, 0x0000000100000000)
  region size 1024K, 3 young (3072K), 3 survivors (3072K)
 Metaspace       used 68498K, committed 69184K, reserved 1114112K
  class space    used 9247K, committed 9536K, reserved 1048576K
}
Event: 11.573 GC heap before
{Heap before GC invocations=20 (full 0):
 garbage-first heap   total 58368K, used 49807K [0x00000000c0e00000, 0x0000000100000000)
  region size 1024K, 20 young (20480K), 3 survivors (3072K)
 Metaspace       used 68556K, committed 69248K, reserved 1114112K
  class space    used 9249K, committed 9536K, reserved 1048576K
}
Event: 11.580 GC heap after
{Heap after GC invocations=21 (full 0):
 garbage-first heap   total 71680K, used 36605K [0x00000000c0e00000, 0x0000000100000000)
  region size 1024K, 3 young (3072K), 3 survivors (3072K)
 Metaspace       used 68556K, committed 69248K, reserved 1114112K
  class space    used 9249K, committed 9536K, reserved 1048576K
}
Event: 11.637 GC heap before
{Heap before GC invocations=21 (full 0):
 garbage-first heap   total 71680K, used 43773K [0x00000000c0e00000, 0x0000000100000000)
  region size 1024K, 11 young (11264K), 3 survivors (3072K)
 Metaspace       used 68679K, committed 69312K, reserved 1114112K
  class space    used 9260K, committed 9536K, reserved 1048576K
}
Event: 11.642 GC heap after
{Heap after GC invocations=22 (full 0):
 garbage-first heap   total 71680K, used 39771K [0x00000000c0e00000, 0x0000000100000000)
  region size 1024K, 3 young (3072K), 3 survivors (3072K)
 Metaspace       used 68679K, committed 69312K, reserved 1114112K
  class space    used 9260K, committed 9536K, reserved 1048576K
}
Event: 11.698 GC heap before
{Heap before GC invocations=22 (full 0):
 garbage-first heap   total 97280K, used 57179K [0x00000000c0e00000, 0x0000000100000000)
  region size 1024K, 20 young (20480K), 3 survivors (3072K)
 Metaspace       used 68720K, committed 69440K, reserved 1114112K
  class space    used 9260K, committed 9536K, reserved 1048576K
}
Event: 11.703 GC heap after
{Heap after GC invocations=23 (full 0):
 garbage-first heap   total 97280K, used 43901K [0x00000000c0e00000, 0x0000000100000000)
  region size 1024K, 3 young (3072K), 3 survivors (3072K)
 Metaspace       used 68720K, committed 69440K, reserved 1114112K
  class space    used 9260K, committed 9536K, reserved 1048576K
}
Event: 11.798 GC heap before
{Heap before GC invocations=24 (full 0):
 garbage-first heap   total 97280K, used 75645K [0x00000000c0e00000, 0x0000000100000000)
  region size 1024K, 34 young (34816K), 3 survivors (3072K)
 Metaspace       used 68775K, committed 69504K, reserved 1114112K
  class space    used 9265K, committed 9600K, reserved 1048576K
}
Event: 11.807 GC heap after
{Heap after GC invocations=25 (full 0):
 garbage-first heap   total 97280K, used 52116K [0x00000000c0e00000, 0x0000000100000000)
  region size 1024K, 5 young (5120K), 5 survivors (5120K)
 Metaspace       used 68775K, committed 69504K, reserved 1114112K
  class space    used 9265K, committed 9600K, reserved 1048576K
}
Event: 11.887 GC heap before
{Heap before GC invocations=25 (full 0):
 garbage-first heap   total 97280K, used 78740K [0x00000000c0e00000, 0x0000000100000000)
  region size 1024K, 30 young (30720K), 5 survivors (5120K)
 Metaspace       used 68835K, committed 69568K, reserved 1114112K
  class space    used 9265K, committed 9600K, reserved 1048576K
}
Event: 11.896 GC heap after
{Heap after GC invocations=26 (full 0):
 garbage-first heap   total 97280K, used 60149K [0x00000000c0e00000, 0x0000000100000000)
  region size 1024K, 4 young (4096K), 4 survivors (4096K)
 Metaspace       used 68835K, committed 69568K, reserved 1114112K
  class space    used 9265K, committed 9600K, reserved 1048576K
}
Event: 11.943 GC heap before
{Heap before GC invocations=26 (full 0):
 garbage-first heap   total 97280K, used 79605K [0x00000000c0e00000, 0x0000000100000000)
  region size 1024K, 24 young (24576K), 4 survivors (4096K)
 Metaspace       used 68860K, committed 69568K, reserved 1114112K
  class space    used 9265K, committed 9600K, reserved 1048576K
}
Event: 11.949 GC heap after
{Heap after GC invocations=27 (full 0):
 garbage-first heap   total 187392K, used 63488K [0x00000000c0e00000, 0x0000000100000000)
  region size 1024K, 3 young (3072K), 3 survivors (3072K)
 Metaspace       used 68860K, committed 69568K, reserved 1114112K
  class space    used 9265K, committed 9600K, reserved 1048576K
}

Dll operation events (14 events):
Event: 0.013 Loaded shared library C:\Users\adr\.jdks\openjdk-20.0.2\bin\java.dll
Event: 0.036 Loaded shared library C:\Users\adr\.jdks\openjdk-20.0.2\bin\jsvml.dll
Event: 0.134 Loaded shared library C:\Users\adr\.jdks\openjdk-20.0.2\bin\zip.dll
Event: 0.137 Loaded shared library C:\Users\adr\.jdks\openjdk-20.0.2\bin\instrument.dll
Event: 0.142 Loaded shared library C:\Users\adr\.jdks\openjdk-20.0.2\bin\net.dll
Event: 0.144 Loaded shared library C:\Users\adr\.jdks\openjdk-20.0.2\bin\nio.dll
Event: 0.146 Loaded shared library C:\Users\adr\.jdks\openjdk-20.0.2\bin\zip.dll
Event: 0.259 Loaded shared library C:\Program Files\JetBrains\IntelliJ IDEA Community Edition 2023.2.1\bin\breakgen64.dll
Event: 0.271 Loaded shared library C:\Users\adr\.jdks\openjdk-20.0.2\bin\extnet.dll
Event: 0.300 Loaded shared library C:\Users\adr\.jdks\openjdk-20.0.2\bin\jimage.dll
Event: 3.873 Loaded shared library C:\Users\adr\.jdks\openjdk-20.0.2\bin\sunmscapi.dll
Event: 3.878 Loaded shared library C:\Users\adr\.jdks\openjdk-20.0.2\bin\management.dll
Event: 3.881 Loaded shared library C:\Users\adr\.jdks\openjdk-20.0.2\bin\management_ext.dll
Event: 4.495 Loaded shared library C:\Users\adr\.jdks\openjdk-20.0.2\bin\verify.dll

Deoptimization events (20 events):
Event: 11.961 Thread 0x000001b1ee41fba0 DEOPT PACKING pc=0x000001b1d4d411a2 sp=0x00000030c22fe7e0
Event: 11.961 Thread 0x000001b1ee41fba0 DEOPT UNPACKING pc=0x000001b1db97a4c2 sp=0x00000030c22fdcf0 mode 0
Event: 11.961 Thread 0x000001b1ec3437d0 DEOPT PACKING pc=0x000001b1d4d411a2 sp=0x00000030c24fe900
Event: 11.961 Thread 0x000001b1ec347240 DEOPT PACKING pc=0x000001b1d4d41181 sp=0x00000030c29febb0
Event: 11.961 Thread 0x000001b1ec3437d0 DEOPT UNPACKING pc=0x000001b1db97a4c2 sp=0x00000030c24fde10 mode 0
Event: 11.962 Thread 0x000001b1ec347240 DEOPT UNPACKING pc=0x000001b1db97a4c2 sp=0x00000030c29fe0c0 mode 0
Event: 11.962 Thread 0x000001b1ec346cf0 DEOPT PACKING pc=0x000001b1d4d41181 sp=0x00000030c25fec00
Event: 11.962 Thread 0x000001b1ec347790 DEOPT PACKING pc=0x000001b1d4d411a2 sp=0x00000030c23feb50
Event: 11.962 Thread 0x000001b1ec346cf0 DEOPT UNPACKING pc=0x000001b1db97a4c2 sp=0x00000030c25fe110 mode 0
Event: 11.962 Thread 0x000001b1ec347790 DEOPT UNPACKING pc=0x000001b1db97a4c2 sp=0x00000030c23fe060 mode 0
Event: 11.962 Thread 0x000001b1ee4210e0 DEOPT PACKING pc=0x000001b1d4d41181 sp=0x00000030c1ffecc0
Event: 11.962 Thread 0x000001b1ee4210e0 DEOPT UNPACKING pc=0x000001b1db97a4c2 sp=0x00000030c1ffe1d0 mode 0
Event: 11.964 Thread 0x000001b1ec348cd0 DEOPT PACKING pc=0x000001b1d4d411a2 sp=0x00000030c28fec10
Event: 11.964 Thread 0x000001b1ec348cd0 DEOPT UNPACKING pc=0x000001b1db97a4c2 sp=0x00000030c28fe120 mode 0
Event: 11.964 Thread 0x000001b1ee41fba0 DEOPT PACKING pc=0x000001b1d4d41181 sp=0x00000030c22fe7e0
Event: 11.964 Thread 0x000001b1ee41fba0 DEOPT UNPACKING pc=0x000001b1db97a4c2 sp=0x00000030c22fdcf0 mode 0
Event: 11.966 Thread 0x000001b1ee41fba0 DEOPT PACKING pc=0x000001b1d4d41181 sp=0x00000030c22fe7e0
Event: 11.966 Thread 0x000001b1ee41fba0 DEOPT UNPACKING pc=0x000001b1db97a4c2 sp=0x00000030c22fdcf0 mode 0
Event: 11.967 Thread 0x000001b1ec345260 DEOPT PACKING pc=0x000001b1d4d41181 sp=0x00000030c27feb60
Event: 11.967 Thread 0x000001b1ec345260 DEOPT UNPACKING pc=0x000001b1db97a4c2 sp=0x00000030c27fe070 mode 0

Classes loaded (20 events):
Event: 11.361 Loading class sun/misc/Unsafe
Event: 11.361 Loading class sun/misc/Unsafe done
Event: 11.383 Loading class java/lang/LayerInstantiationException
Event: 11.383 Loading class java/lang/LayerInstantiationException done
Event: 11.383 Loading class jdk/internal/loader/Loader
Event: 11.384 Loading class jdk/internal/loader/Loader done
Event: 11.399 Loading class java/io/IOError
Event: 11.399 Loading class java/io/IOError done
Event: 11.410 Loading class java/util/AbstractMap$SimpleEntry
Event: 11.411 Loading class java/util/AbstractMap$SimpleEntry done
Event: 11.436 Loading class sun/nio/fs/WindowsLinkSupport
Event: 11.436 Loading class sun/nio/fs/WindowsLinkSupport done
Event: 11.456 Loading class java/nio/channels/spi/AbstractInterruptibleChannel$1
Event: 11.456 Loading class sun/nio/ch/Interruptible
Event: 11.457 Loading class sun/nio/ch/Interruptible done
Event: 11.457 Loading class java/nio/channels/spi/AbstractInterruptibleChannel$1 done
Event: 11.458 Loading class java/nio/ReadOnlyBufferException
Event: 11.459 Loading class java/nio/ReadOnlyBufferException done
Event: 11.463 Loading class java/util/zip/DataFormatException
Event: 11.464 Loading class java/util/zip/DataFormatException done

Classes unloaded (0 events):
No events

Classes redefined (0 events):
No events

Internal exceptions (20 events):
Event: 11.878 Thread 0x000001b1ee422620 Exception <a 'sun/nio/fs/WindowsException'{0x00000000c59ed898}> (0x00000000c59ed898) 
thrown [s\open\src\hotspot\share\prims\jni.cpp, line 519]
Event: 11.878 Thread 0x000001b1ee422620 Exception <a 'sun/nio/fs/WindowsException'{0x00000000c59edb90}> (0x00000000c59edb90) 
thrown [s\open\src\hotspot\share\prims\jni.cpp, line 519]
Event: 11.878 Thread 0x000001b1ee422620 Exception <a 'sun/nio/fs/WindowsException'{0x00000000c59ee500}> (0x00000000c59ee500) 
thrown [s\open\src\hotspot\share\prims\jni.cpp, line 519]
Event: 11.878 Thread 0x000001b1ee422620 Exception <a 'sun/nio/fs/WindowsException'{0x00000000c59ee830}> (0x00000000c59ee830) 
thrown [s\open\src\hotspot\share\prims\jni.cpp, line 519]
Event: 11.879 Thread 0x000001b1ee422620 Exception <a 'sun/nio/fs/WindowsException'{0x00000000c59ef178}> (0x00000000c59ef178) 
thrown [s\open\src\hotspot\share\prims\jni.cpp, line 519]
Event: 11.879 Thread 0x000001b1ee422620 Exception <a 'sun/nio/fs/WindowsException'{0x00000000c59ef478}> (0x00000000c59ef478) 
thrown [s\open\src\hotspot\share\prims\jni.cpp, line 519]
Event: 11.879 Thread 0x000001b1ee422620 Exception <a 'sun/nio/fs/WindowsException'{0x00000000c59efd98}> (0x00000000c59efd98) 
thrown [s\open\src\hotspot\share\prims\jni.cpp, line 519]
Event: 11.879 Thread 0x000001b1ee422620 Exception <a 'sun/nio/fs/WindowsException'{0x00000000c59f0060}> (0x00000000c59f0060) 
thrown [s\open\src\hotspot\share\prims\jni.cpp, line 519]
Event: 11.881 Thread 0x000001b1ee422620 Exception <a 'sun/nio/fs/WindowsException'{0x00000000c59f0988}> (0x00000000c59f0988) 
thrown [s\open\src\hotspot\share\prims\jni.cpp, line 519]
Event: 11.881 Thread 0x000001b1ee422620 Exception <a 'sun/nio/fs/WindowsException'{0x00000000c59f0c68}> (0x00000000c59f0c68) 
thrown [s\open\src\hotspot\share\prims\jni.cpp, line 519]
Event: 11.882 Thread 0x000001b1ee422620 Exception <a 'sun/nio/fs/WindowsException'{0x00000000c59f1588}> (0x00000000c59f1588) 
thrown [s\open\src\hotspot\share\prims\jni.cpp, line 519]
Event: 11.882 Thread 0x000001b1ee422620 Exception <a 'sun/nio/fs/WindowsException'{0x00000000c59f1858}> (0x00000000c59f1858) 
thrown [s\open\src\hotspot\share\prims\jni.cpp, line 519]
Event: 11.882 Thread 0x000001b1ee422620 Exception <a 'sun/nio/fs/WindowsException'{0x00000000c59f2180}> (0x00000000c59f2180) 
thrown [s\open\src\hotspot\share\prims\jni.cpp, line 519]
Event: 11.882 Thread 0x000001b1ee422620 Exception <a 'sun/nio/fs/WindowsException'{0x00000000c59f2460}> (0x00000000c59f2460) 
thrown [s\open\src\hotspot\share\prims\jni.cpp, line 519]
Event: 11.882 Thread 0x000001b1ee422620 Exception <a 'sun/nio/fs/WindowsException'{0x00000000c5761538}> (0x00000000c5761538) 
thrown [s\open\src\hotspot\share\prims\jni.cpp, line 519]
Event: 11.882 Thread 0x000001b1ee422620 Exception <a 'sun/nio/fs/WindowsException'{0x00000000c5761838}> (0x00000000c5761838) 
thrown [s\open\src\hotspot\share\prims\jni.cpp, line 519]
Event: 11.884 Thread 0x000001b1ee422620 Exception <a 'sun/nio/fs/WindowsException'{0x00000000c5762190}> (0x00000000c5762190) 
thrown [s\open\src\hotspot\share\prims\jni.cpp, line 519]
Event: 11.884 Thread 0x000001b1ee422620 Exception <a 'sun/nio/fs/WindowsException'{0x00000000c57624a8}> (0x00000000c57624a8) 
thrown [s\open\src\hotspot\share\prims\jni.cpp, line 519]
Event: 11.884 Thread 0x000001b1ee422620 Exception <a 'sun/nio/fs/WindowsException'{0x00000000c5762df8}> (0x00000000c5762df8) 
thrown [s\open\src\hotspot\share\prims\jni.cpp, line 519]
Event: 11.884 Thread 0x000001b1ee422620 Exception <a 'sun/nio/fs/WindowsException'{0x00000000c5763108}> (0x00000000c5763108) 
thrown [s\open\src\hotspot\share\prims\jni.cpp, line 519]

VM Operations (20 events):
Event: 11.499 Executing VM operation: G1CollectForAllocation
Event: 11.506 Executing VM operation: G1CollectForAllocation done
Event: 11.573 Executing VM operation: G1CollectForAllocation
Event: 11.583 Executing VM operation: G1CollectForAllocation done
Event: 11.604 Executing VM operation: HandshakeAllThreads
Event: 11.604 Executing VM operation: HandshakeAllThreads done
Event: 11.636 Executing VM operation: G1TryInitiateConcMark
Event: 11.642 Executing VM operation: G1TryInitiateConcMark done
Event: 11.692 Executing VM operation: G1PauseRemark
Event: 11.696 Executing VM operation: G1PauseRemark done
Event: 11.698 Executing VM operation: G1CollectForAllocation
Event: 11.703 Executing VM operation: G1CollectForAllocation done
Event: 11.718 Executing VM operation: G1PauseCleanup
Event: 11.720 Executing VM operation: G1PauseCleanup done
Event: 11.798 Executing VM operation: G1CollectForAllocation
Event: 11.809 Executing VM operation: G1CollectForAllocation done
Event: 11.886 Executing VM operation: G1CollectForAllocation
Event: 11.899 Executing VM operation: G1CollectForAllocation done
Event: 11.943 Executing VM operation: G1CollectForAllocation
Event: 11.949 Executing VM operation: G1CollectForAllocation done

Events (20 events):
Event: 11.975 Thread 0x000001b1ee74bd60 Thread added: 0x000001b1ee74bd60
Event: 11.975 Thread 0x000001b1ee74b2c0 Thread added: 0x000001b1ee74b2c0
Event: 11.975 Thread 0x000001b1ee74a2d0 Thread added: 0x000001b1ee74a2d0
Event: 11.976 Thread 0x000001b1ee74ad70 Thread added: 0x000001b1ee74ad70
Event: 11.976 Thread 0x000001b1ee74c800 Thread added: 0x000001b1ee74c800
Event: 11.976 Thread 0x000001b1ee747850 Thread added: 0x000001b1ee747850
Event: 11.981 Thread 0x000001b1ee74a2d0 Thread exited: 0x000001b1ee74a2d0
Event: 11.981 Thread 0x000001b1ee41fba0 Thread exited: 0x000001b1ee41fba0
Event: 11.981 Thread 0x000001b1ee4220d0 Thread exited: 0x000001b1ee4220d0
Event: 11.981 Thread 0x000001b1ee421630 Thread exited: 0x000001b1ee421630
Event: 11.981 Thread 0x000001b1ee4200f0 Thread exited: 0x000001b1ee4200f0
Event: 11.981 Thread 0x000001b1ee422620 Thread exited: 0x000001b1ee422620
Event: 11.981 Thread 0x000001b1ee74bd60 Thread exited: 0x000001b1ee74bd60
Event: 11.981 Thread 0x000001b1ee74b2c0 Thread exited: 0x000001b1ee74b2c0
Event: 11.981 Thread 0x000001b1ee74d2a0 Thread exited: 0x000001b1ee74d2a0
Event: 11.981 Thread 0x000001b1ee74c800 Thread exited: 0x000001b1ee74c800
Event: 11.981 Thread 0x000001b1ee74ad70 Thread exited: 0x000001b1ee74ad70
Event: 11.981 Thread 0x000001b1ee41f100 Thread exited: 0x000001b1ee41f100
Event: 11.981 Thread 0x000001b1ee4210e0 Thread exited: 0x000001b1ee4210e0
Event: 11.981 Thread 0x000001b1ee747850 Thread exited: 0x000001b1ee747850


Dynamic libraries:
0x00007ff665820000 - 0x00007ff66582e000 	C:\Users\adr\.jdks\openjdk-20.0.2\bin\java.exe
0x00007ffe6e4e0000 - 0x00007ffe6e6ce000 	C:\Windows\SYSTEM32\ntdll.dll
0x00007ffe6d980000 - 0x00007ffe6da33000 	C:\Windows\System32\KERNEL32.DLL
0x00007ffe6a580000 - 0x00007ffe6a81d000 	C:\Windows\System32\KERNELBASE.dll
0x00007ffe6b3b0000 - 0x00007ffe6b4aa000 	C:\Windows\System32\ucrtbase.dll
0x00007ffe31df0000 - 0x00007ffe31e07000 	C:\Users\adr\.jdks\openjdk-20.0.2\bin\jli.dll
0x00007ffe31dd0000 - 0x00007ffe31deb000 	C:\Users\adr\.jdks\openjdk-20.0.2\bin\VCRUNTIME140.dll
0x00007ffe6cf10000 - 0x00007ffe6d0a7000 	C:\Windows\System32\USER32.dll
0x00007ffe6a560000 - 0x00007ffe6a580000 	C:\Windows\System32\win32u.dll
0x00007ffe59e70000 - 0x00007ffe5a0e9000 	C:\Windows\WinSxS\amd64_microsoft.windows.common-controls_6595b64144ccf1df_6.0.17763.4974_none_de748dce53484fa6\COMCTL32.dll
0x00007ffe6d4c0000 - 0x00007ffe6d4e9000 	C:\Windows\System32\GDI32.dll
0x00007ffe6d170000 - 0x00007ffe6d20e000 	C:\Windows\System32\msvcrt.dll
0x00007ffe6a930000 - 0x00007ffe6aadb000 	C:\Windows\System32\gdi32full.dll
0x00007ffe6aae0000 - 0x00007ffe6ab80000 	C:\Windows\System32\msvcp_win.dll
0x00007ffe6d650000 - 0x00007ffe6d97b000 	C:\Windows\System32\combase.dll
0x00007ffe6dd10000 - 0x00007ffe6de2e000 	C:\Windows\System32\RPCRT4.dll
0x00007ffe6a820000 - 0x00007ffe6a8a2000 	C:\Windows\System32\bcryptPrimitives.dll
0x00007ffe6db70000 - 0x00007ffe6db9e000 	C:\Windows\System32\IMM32.DLL
0x00007ffe55810000 - 0x00007ffe5581c000 	C:\Users\adr\.jdks\openjdk-20.0.2\bin\vcruntime140_1.dll
0x00007ffe0fb60000 - 0x00007ffe0fbee000 	C:\Users\adr\.jdks\openjdk-20.0.2\bin\msvcp140.dll
0x00007ffe0eec0000 - 0x00007ffe0fb58000 	C:\Users\adr\.jdks\openjdk-20.0.2\bin\server\jvm.dll
0x00007ffe6dac0000 - 0x00007ffe6db67000 	C:\Windows\System32\ADVAPI32.dll
0x00007ffe6d0b0000 - 0x00007ffe6d14f000 	C:\Windows\System32\sechost.dll
0x00007ffe686e0000 - 0x00007ffe686e9000 	C:\Windows\SYSTEM32\WSOCK32.dll
0x00007ffe68600000 - 0x00007ffe68624000 	C:\Windows\SYSTEM32\WINMM.dll
0x00007ffe641b0000 - 0x00007ffe641ba000 	C:\Windows\SYSTEM32\VERSION.dll
0x00007ffe6d210000 - 0x00007ffe6d27d000 	C:\Windows\System32\WS2_32.dll
0x00007ffe68480000 - 0x00007ffe684ad000 	C:\Windows\SYSTEM32\winmmbase.dll
0x00007ffe6b6c0000 - 0x00007ffe6b70a000 	C:\Windows\System32\cfgmgr32.dll
0x00007ffe6a490000 - 0x00007ffe6a4a1000 	C:\Windows\System32\kernel.appcore.dll
0x00007ffe31b00000 - 0x00007ffe31b0a000 	C:\Users\adr\.jdks\openjdk-20.0.2\bin\jimage.dll
0x00007ffe5b330000 - 0x00007ffe5b51d000 	C:\Windows\SYSTEM32\DBGHELP.DLL
0x00007ffe5aad0000 - 0x00007ffe5aafa000 	C:\Windows\SYSTEM32\dbgcore.DLL
0x00007ffe5e420000 - 0x00007ffe5e42e000 	C:\Users\adr\.jdks\openjdk-20.0.2\bin\instrument.dll
0x00007ffe31ad0000 - 0x00007ffe31af6000 	C:\Users\adr\.jdks\openjdk-20.0.2\bin\java.dll
0x00007ffe0ede0000 - 0x00007ffe0eeb7000 	C:\Users\adr\.jdks\openjdk-20.0.2\bin\jsvml.dll
0x00007ffe6b8a0000 - 0x00007ffe6cd98000 	C:\Windows\System32\SHELL32.dll
0x00007ffe6e330000 - 0x00007ffe6e3d7000 	C:\Windows\System32\shcore.dll
0x00007ffe6ab80000 - 0x00007ffe6b2c7000 	C:\Windows\System32\windows.storage.dll
0x00007ffe6a4b0000 - 0x00007ffe6a4d3000 	C:\Windows\System32\profapi.dll
0x00007ffe6a500000 - 0x00007ffe6a55d000 	C:\Windows\System32\powrprof.dll
0x00007ffe6b710000 - 0x00007ffe6b762000 	C:\Windows\System32\shlwapi.dll
0x00007ffe6a910000 - 0x00007ffe6a92b000 	C:\Windows\System32\cryptsp.dll
0x00007ffe0ed80000 - 0x00007ffe0ed98000 	C:\Users\adr\.jdks\openjdk-20.0.2\bin\zip.dll
0x00007ffe0edc0000 - 0x00007ffe0edd3000 	C:\Users\adr\.jdks\openjdk-20.0.2\bin\net.dll
0x00007ffe640b0000 - 0x00007ffe641ad000 	C:\Windows\SYSTEM32\WINHTTP.dll
0x00007ffe69c80000 - 0x00007ffe69ce7000 	C:\Windows\system32\mswsock.dll
0x00007ffe0eda0000 - 0x00007ffe0edb6000 	C:\Users\adr\.jdks\openjdk-20.0.2\bin\nio.dll
0x00007ffe5e2e0000 - 0x00007ffe5e2fa000 	C:\Program Files\JetBrains\IntelliJ IDEA Community Edition 2023.2.1\bin\breakgen64.dll
0x00007ffe2b1e0000 - 0x00007ffe2b1e7000 	C:\Users\adr\.jdks\openjdk-20.0.2\bin\extnet.dll
0x00007ffe69800000 - 0x00007ffe69833000 	C:\Windows\system32\rsaenh.dll
0x00007ffe6b380000 - 0x00007ffe6b3a6000 	C:\Windows\System32\bcrypt.dll
0x00007ffe6a3c0000 - 0x00007ffe6a3e9000 	C:\Windows\SYSTEM32\USERENV.dll
0x00007ffe69e50000 - 0x00007ffe69e5c000 	C:\Windows\SYSTEM32\CRYPTBASE.dll
0x00007ffe69990000 - 0x00007ffe699cd000 	C:\Windows\SYSTEM32\IPHLPAPI.DLL
0x00007ffe6d290000 - 0x00007ffe6d298000 	C:\Windows\System32\NSI.dll
0x00007ffe64b30000 - 0x00007ffe64b46000 	C:\Windows\SYSTEM32\dhcpcsvc6.DLL
0x00007ffe64aa0000 - 0x00007ffe64abc000 	C:\Windows\SYSTEM32\dhcpcsvc.DLL
0x00007ffe699d0000 - 0x00007ffe69a96000 	C:\Windows\SYSTEM32\DNSAPI.dll
0x00007ffe5d5b0000 - 0x00007ffe5d5be000 	C:\Users\adr\.jdks\openjdk-20.0.2\bin\sunmscapi.dll
0x00007ffe6b4b0000 - 0x00007ffe6b6b4000 	C:\Windows\System32\CRYPT32.dll
0x00007ffe6a4e0000 - 0x00007ffe6a4f2000 	C:\Windows\System32\MSASN1.dll
0x00007ffe69f50000 - 0x00007ffe69f7c000 	C:\Windows\SYSTEM32\ncrypt.dll
0x00007ffe69f10000 - 0x00007ffe69f4c000 	C:\Windows\SYSTEM32\NTASN1.dll
0x00007ffe5e410000 - 0x00007ffe5e41a000 	C:\Users\adr\.jdks\openjdk-20.0.2\bin\management.dll
0x00007ffe5e2d0000 - 0x00007ffe5e2db000 	C:\Users\adr\.jdks\openjdk-20.0.2\bin\management_ext.dll
0x00007ffe6d280000 - 0x00007ffe6d288000 	C:\Windows\System32\PSAPI.DLL
0x00007ffe0ed50000 - 0x00007ffe0ed60000 	C:\Users\adr\.jdks\openjdk-20.0.2\bin\verify.dll
0x00007ffe60fb0000 - 0x00007ffe60fba000 	C:\Windows\System32\rasadhlp.dll
0x00007ffe63f80000 - 0x00007ffe63ff9000 	C:\Windows\System32\fwpuclnt.dll

dbghelp: loaded successfully - version: 4.0.5 - missing functions: none
symbol engine: initialized successfully - sym options: 0x614 - pdb path: .;C:\Users\adr\.jdks\openjdk-20.0.2\bin;C:\Windows\SYSTEM32;C:\Windows\WinSxS\amd64_microsoft.windows.common-controls_6595b64144ccf1df_6.0.17763.4974_none_de748dce53484fa6;C:\Users\adr\.jdks\openjdk-20.0.2\bin\server;C:\Program Files\JetBrains\IntelliJ IDEA Community Edition 2023.2.1\bin

VM Arguments:
jvm_args: -javaagent:C:\Program Files\JetBrains\IntelliJ IDEA Community Edition 2023.2.1\lib\idea_rt.jar=58784:C:\Program Files\JetBrains\IntelliJ IDEA Community Edition 2023.2.1\bin -Dfile.encoding=UTF-8 -Dsun.stdout.encoding=UTF-8 -Dsun.stderr.encoding=UTF-8 
java_command: com.fleetmanagement.fleetmanagementapi.FleetManagementApiApplication
java_class_path (initial): D:\adriana\Laboratoria\JAVA\fleet-management-api\target\classes;C:\Users\adr\.m2\repository\org\springframework\boot\spring-boot-starter-data-jpa\3.1.4\spring-boot-starter-data-jpa-3.1.4.jar;C:\Users\adr\.m2\repository\org\springframework\boot\spring-boot-starter-aop\3.1.4\spring-boot-starter-aop-3.1.4.jar;C:\Users\adr\.m2\repository\org\springframework\spring-aop\6.0.12\spring-aop-6.0.12.jar;C:\Users\adr\.m2\repository\org\aspectj\aspectjweaver\1.9.20\aspectjweaver-1.9.20.jar;C:\Users\adr\.m2\repository\org\springframework\boot\spring-boot-starter-jdbc\3.1.4\spring-boot-starter-jdbc-3.1.4.jar;C:\Users\adr\.m2\repository\com\zaxxer\HikariCP\5.0.1\HikariCP-5.0.1.jar;C:\Users\adr\.m2\repository\org\springframework\spring-jdbc\6.0.12\spring-jdbc-6.0.12.jar;C:\Users\adr\.m2\repository\org\hibernate\orm\hibernate-core\6.2.9.Final\hibernate-core-6.2.9.Final.jar;C:\Users\adr\.m2\repository\jakarta\persistence\jakarta.persistence-api\3.1.0\jakarta.persistence-api-3.1.0.jar;C:\Users\adr\.m2\repository\jakarta\transaction\jakarta.transaction-api\2.0.1\jakarta.transaction-api-2.0.1.jar;C:\Users\adr\.m2\repository\org\jboss\logging\jboss-logging\3.5.3.Final\jboss-logging-3.5.3.Final.jar;C:\Users\adr\.m2\repository\org\hibernate\common\hibernate-commons-annotations\6.0.6.Final\hibernate-commons-annotations-6.0.6.Final.jar;C:\Users\adr\.m2\repository\io\smallrye\jandex\3.0.5\jandex-3.0.5.jar;C:\Users\adr\.m2\repository\com\fasterxml\classmate\1.5.1\classmate-1.5.1.jar;C:\Users\adr\.m2\repository\net\bytebuddy\byte-buddy\1.14.8\byte-buddy-1.14.8.jar;C:\Users\adr\.m2\repository\org\glassfish\jaxb\jaxb-runtime\4.0.3\jaxb-runtime-4.0.3.jar;C:\Users\adr\.m2\repository\org\glassfish\jaxb\jaxb-core\4.0.3\jaxb-core-4.0.3.jar;C:\Users\adr\.m2\repository\org\eclipse\angus\angus-activation\2.0.1\angus-activation-2.0.1.jar;C:\Users\adr\.m2\repository\org\glassfish\jaxb\txw2\4.0.3\txw2-4.0.3.jar;C:\Users\adr\.m2\repository\com\sun\istack\istack-commons-runtime\4.1.2\istack-commons-runtime-4.1.2.jar;C:\Users\adr\.m2\repository\jakarta\inject\jakarta.inject-api\2.0.1\jakarta.inject-api-2.0.1.jar;C:\Users\adr\.m2\repository\org\antlr\antlr4-runtime\4.10.1\antlr4-runtime-4.10.1.jar;C:\Users\adr\.m2\repository\org\springframework\data\spring-data-jpa\3.1.4\spring-data-jpa-3.1.4.jar;C:\Users\adr\.m2\repository\org\springframework\data\spring-data-commons\3.1.4\spring-data-commons-3.1.4.jar;C:\Users\adr\.m2\repository\org\springframework\spring-orm\6.0.12\spring-orm-6.0.12.jar;C:\Users\adr\.m2\repository\org\springframework\spring-context\6.0.12\spring-context-6.0.12.jar;C:\Users\adr\.m2\repository\org\springframework\spring-tx\6.0.12\spring-tx-6.0.12.jar;C:\Users\adr\.m2\repository\org\springframework\spring-beans\6.0.12\spring-beans-6.0.12.jar;C:\Users\adr\.m2\repository\jakarta\annotation\jakarta.annotation-api\2.1.1\jakarta.annotation-api-2.1.1.jar;C:\Users\adr\.m2\repository\org\slf4j\slf4j-api\2.0.9\slf4j-api-2.0.9.jar;C:\Users\adr\.m2\repository\org\springframework\spring-aspects\6.0.12\spring-aspects-6.0.12.jar;C:\Users\adr\.m2\repository\org\springframework\boot\spring-boot-starter-web\3.1.4\spring-boot-starter-web-3.1.4.jar;C:\Users\adr\.m2\repository\org\springframework\boot\spring-boot-starter\3.1.4\spring-boot-starter-3.1.4.jar;C:\Users\adr\.m2\repository\org\springframework\boot\spring-boot\3.1.4\spring-boot-3.1.4.jar;C:\Users\adr\.m2\repository\org\springframework\boot\spring-boot-autoconfigure\3.1.4\spring-boot-autoconfigure-3.1.4.jar;C:\Users\adr\.m2\repository\org\springframework\boot\spring-boot-starter-logging\3.1.4\spring-boot-starter-logging-3.1.4.jar;C:\Users\adr\.m2\repository\ch\qos\logback\logback-classic\1.4.11\logback-classic-1.4.11.jar;C:\Users\adr\.m2\repository\ch\qos\logback\logback-core\1.4.11\logback-core-1.4.11.jar;C:\Users\adr\.m2\repository\org\apache\logging\log4j\log4j-to-slf4j\2.20.0\log4j-to-slf4j-2.20.0.jar;C:\Users\adr\.m2\repository\org\apache\logging\log4j\log4j-api\2.20.0\log4j-api-2.20.0.jar;C:\Users\adr\.m2\repository\org\slf4j\jul-to-slf4j\2.0.9\jul-to-slf4j-2.0.9.jar;C:\Users\adr\.m2\repository\org\yaml\snakeyaml\1.33\snakeyaml-1.33.jar;C:\Users\adr\.m2\repository\org\springframework\boot\spring-boot-starter-json\3.1.4\spring-boot-starter-json-3.1.4.jar;C:\Users\adr\.m2\repository\com\fasterxml\jackson\core\jackson-databind\2.15.2\jackson-databind-2.15.2.jar;C:\Users\adr\.m2\repository\com\fasterxml\jackson\core\jackson-annotations\2.15.2\jackson-annotations-2.15.2.jar;C:\Users\adr\.m2\repository\com\fasterxml\jackson\core\jackson-core\2.15.2\jackson-core-2.15.2.jar;C:\Users\adr\.m2\repository\com\fasterxml\jackson\datatype\jackson-datatype-jdk8\2.15.2\jackson-datatype-jdk8-2.15.2.jar;C:\Users\adr\.m2\repository\com\fasterxml\jackson\datatype\jackson-datatype-jsr310\2.15.2\jackson-datatype-jsr310-2.15.2.jar;C:\Users\adr\.m2\repository\com\fasterxml\jackson\module\jackson-module-parameter-names\2.15.2\jackson-module-parameter-names-2.15.2.jar;C:\Users\adr\.m2\repository\org\springframework\boot\spring-boot-starter-tomcat\3.1.4\spring-boot-starter-tomcat-3.1.4.jar;C:\Users\adr\.m2\repository\org\apache\tomcat\embed\tomcat-embed-core\10.1.13\tomcat-embed-core-10.1.13.jar;C:\Users\adr\.m2\repository\org\apache\tomcat\embed\tomcat-embed-el\10.1.13\tomcat-embed-el-10.1.13.jar;C:\Users\adr\.m2\repository\org\apache\tomcat\embed\tomcat-embed-websocket\10.1.13\tomcat-embed-websocket-10.1.13.jar;C:\Users\adr\.m2\repository\org\springframework\spring-web\6.0.12\spring-web-6.0.12.jar;C:\Users\adr\.m2\repository\io\micrometer\micrometer-observation\1.11.4\micrometer-observation-1.11.4.jar;C:\Users\adr\.m2\repository\io\micrometer\micrometer-commons\1.11.4\micrometer-commons-1.11.4.jar;C:\Users\adr\.m2\repository\org\springframework\spring-webmvc\6.0.12\spring-webmvc-6.0.12.jar;C:\Users\adr\.m2\repository\org\springframework\spring-expression\6.0.12\spring-expression-6.0.12.jar;C:\Users\adr\.m2\repository\org\postgresql\postgresql\42.6.0\postgresql-42.6.0.jar;C:\Users\adr\.m2\repository\org\checkerframework\checker-qual\3.31.0\checker-qual-3.31.0.jar;C:\Users\adr\.m2\repository\jakarta\xml\bind\jakarta.xml.bind-api\4.0.1\jakarta.xml.bind-api-4.0.1.jar;C:\Users\adr\.m2\repository\jakarta\activation\jakarta.activation-api\2.1.2\jakarta.activation-api-2.1.2.jar;C:\Users\adr\.m2\repository\org\springframework\spring-core\6.0.12\spring-core-6.0.12.jar;C:\Users\adr\.m2\repository\org\springframework\spring-jcl\6.0.12\spring-jcl-6.0.12.jar;C:\Users\adr\.m2\repository\dom4j\dom4j\1.1\dom4j-1.1.jar;C:\Users\adr\.m2\repository\org\springdoc\springdoc-openapi-starter-webmvc-ui\2.0.3\springdoc-openapi-starter-webmvc-ui-2.0.3.jar;C:\Users\adr\.m2\repository\org\springdoc\springdoc-openapi-starter-webmvc-api\2.0.3\springdoc-openapi-starter-webmvc-api-2.0.3.jar;C:\Users\adr\.m2\repository\org\springdoc\springdoc-openapi-starter-common\2.0.3\springdoc-openapi-starter-common-2.0.3.jar;C:\Users\adr\.m2\repository\io\swagger\core\v3\swagger-core-jakarta\2.2.8\swagger-core-jakarta-2.2.8.jar;C:\Users\adr\.m2\repository\org\apache\commons\commons-lang3\3.12.0\commons-lang3-3.12.0.jar;C:\Users\adr\.m2\repository\io\swagger\core\v3\swagger-annotations-jakarta\2.2.8\swagger-annotations-jakarta-2.2.8.jar;C:\Users\adr\.m2\repository\io\swagger\core\v3\swagger-models-jakarta\2.2.8\swagger-models-jakarta-2.2.8.jar;C:\Users\adr\.m2\repository\jakarta\validation\jakarta.validation-api\3.0.2\jakarta.validation-api-3.0.2.jar;C:\Users\adr\.m2\repository\com\fasterxml\jackson\dataformat\jackson-dataformat-yaml\2.15.2\jackson-dataformat-yaml-2.15.2.jar;C:\Users\adr\.m2\repository\org\webjars\swagger-ui\4.17.1\swagger-ui-4.17.1.jar;C:\Users\adr\.m2\repository\org\webjars\webjars-locator-core\0.52\webjars-locator-core-0.52.jar;C:\Users\adr\.m2\repository\io\github\classgraph\classgraph\4.8.149\classgraph-4.8.149.jar
Launcher Type: SUN_STANDARD

[Global flags]
     intx CICompilerCount                          = 4                                         {product} {ergonomic}
     uint ConcGCThreads                            = 2                                         {product} {ergonomic}
     uint G1ConcRefinementThreads                  = 8                                         {product} {ergonomic}
   size_t G1HeapRegionSize                         = 1048576                                   {product} {ergonomic}
    uintx GCDrainStackTargetSize                   = 64                                        {product} {ergonomic}
   size_t InitialHeapSize                          = 67108864                                  {product} {ergonomic}
   size_t MarkStackSize                            = 4194304                                   {product} {ergonomic}
   size_t MaxHeapSize                              = 1059061760                                {product} {ergonomic}
   size_t MaxNewSize                               = 635437056                                 {product} {ergonomic}
   size_t MinHeapDeltaBytes                        = 1048576                                   {product} {ergonomic}
   size_t MinHeapSize                              = 8388608                                   {product} {ergonomic}
    uintx NonNMethodCodeHeapSize                   = 5839372                                {pd product} {ergonomic}
    uintx NonProfiledCodeHeapSize                  = 122909434                              {pd product} {ergonomic}
    uintx ProfiledCodeHeapSize                     = 122909434                              {pd product} {ergonomic}
    uintx ReservedCodeCacheSize                    = 251658240                              {pd product} {ergonomic}
     bool SegmentedCodeCache                       = true                                      {product} {ergonomic}
   size_t SoftMaxHeapSize                          = 1059061760                             {manageable} {ergonomic}
     bool UseCompressedClassPointers               = true                           {product lp64_product} {ergonomic}
     bool UseCompressedOops                        = true                           {product lp64_product} {ergonomic}
     bool UseG1GC                                  = true                                      {product} {ergonomic}
     bool UseLargePagesIndividualAllocation        = false                                  {pd product} {ergonomic}

Logging:
Log output configuration:
 #0: stdout all=warning uptime,level,tags foldmultilines=false
 #1: stderr all=off uptime,level,tags foldmultilines=false

Environment Variables:
PATH=C:\Program Files\Common Files\Oracle\Java\javapath;C:\Windows\system32;C:\Windows;C:\Windows\System32\Wbem;C:\Windows\System32\WindowsPowerShell\v1.0\;C:\Windows\System32\OpenSSH\;C:\Program Files\Git\cmd;C:\Program Files\nodejs\;C:\Users\adr\AppData\Local\Microsoft\WindowsApps;C:\Users\adr\AppData\Roaming\npm;C:\Users\adr\AppData\Local\Programs\Microsoft VS Code\bin;C:\Users\adr\AppData\Local\Yarn\bin;;C:\Program Files\JetBrains\IntelliJ IDEA Community Edition 2023.2.1\bin;
USERNAME=adr
OS=Windows_NT
PROCESSOR_IDENTIFIER=Intel64 Family 6 Model 58 Stepping 9, GenuineIntel
TMP=C:\Users\adr\AppData\Local\Temp
TEMP=C:\Users\adr\AppData\Local\Temp




---------------  S Y S T E M  ---------------

OS:
 Windows 10 , 64 bit Build 17763 (10.0.17763.4974)
OS uptime: 3 days 7:42 hours

CPU: total 8 (initial active 8) (4 cores per cpu, 2 threads per core) family 6 model 58 stepping 9 microcode 0x21, cx8, cmov, fxsr, ht, mmx, sse, sse2, sse3, ssse3, sse4.1, sse4.2, popcnt, tsc, tscinvbit, avx, aes, erms, clmul, vzeroupper, clflush, rdtscp, f16c

Memory: 4k page, system-wide physical 4039M (239M free)
TotalPageFile size 10386M (AvailPageFile size 1100M)
current process WorkingSet (physical memory assigned to process): 289M, peak: 289M
current process commit charge ("private bytes"): 406M, peak: 408M

vm_info: OpenJDK 64-Bit Server VM (20.0.2+9-78) for windows-amd64 JRE (20.0.2+9-78), built on 2023-06-14T10:08:48Z by "mach5one" with MS VC++ 17.1 (VS2022)

END.
